┌─[root@parrot]─[~/hackthebox/teacher] 
└──╼ #cd /opt/                         
┌─[root@parrot]─[/opt]                 
└──╼ #ls                               
BloodHound          Empire            impacket    mRemoteNG-Decrypt  PowerSploit                                 pspy      tmux          unicorn   wordlists   
BurpSuiteCommunity  firmware-mod-kit  JAWS        nishang            privilege-escalation-awesome-scripts-suite  SecLists  tmux-logging  Veil      xplico      
car-hacking         gobuster          LinEnum.sh  passwords          PRTG-Network-Monitor-RCE                    Teeth     tmux-yank     wicd-git              
┌─[root@parrot]─[/opt]                 
└──╼ #cd pspy/                         
┌─[root@parrot]─[/opt/pspy]            
└──╼ #ls                               
cmd  docker  Gopkg.lock  Gopkg.toml  images  internal  LICENSE  main.go  Makefile  README.md  vendor                                                           
┌─[root@parrot]─[/opt/pspy]            
└──╼ #GOOS=linux GOARCH=amd64 go build 
main.go:6:2: cannot find package "github.com/dominicbreuker/pspy/cmd" in any of:                                                                               
        /usr/lib/go-1.13/src/github.com/dominicbreuker/pspy/cmd (from $GOROOT) 
        /root/go/src/github.com/dominicbreuker/pspy/cmd (from $GOPATH)         
┌─[✗]─[root@parrot]─[/opt/pspy]        
└──╼ #go get github.com/dominicbreuker/pspy/cmd                                                                                                                
^C                                     
┌─[✗]─[root@parrot]─[/opt/pspy]        
└──╼ #go get github.com/dominicbreuker/pspy/cmd                                
┌─[root@parrot]─[/opt/pspy]            
└──╼ #GOOS=linux GOARCH=amd64 go build                                                                                                                         
┌─[root@parrot]─[/opt/pspy]            
└──╼ #ls                               
cmd  docker  Gopkg.lock  Gopkg.toml  images  internal  LICENSE  main.go  Makefile  pspy  README.md  vendor                                                     
┌─[root@parrot]─[/opt/pspy]            
└──╼ #mv pspy ~/hackthebox/teacher/    
┌─[root@parrot]─[/opt/pspy]            
└──╼ #cd ~/hackthebox/teacher/         
┌─[root@parrot]─[~/hackthebox/teacher] 
└──╼ #mkdir www                        
┌─[root@parrot]─[~/hackthebox/teacher] 
└──╼ #mv pspy www/                     
┌─[root@parrot]─[~/hackthebox/teacher] 
└──╼ #ls                               
5.png  gobuster-root.log  nmap  www    
┌─[root@parrot]─[~/hackthebox/teacher] 
└──╼ #cd www/                          
┌─[root@parrot]─[~/hackthebox/teacher/www]                                     
└──╼ #ls                               
pspy                                   
┌─[root@parrot]─[~/hackthebox/teacher/www]                                     
└──╼ #python -m SimpleHTTPServer                                                                                                                               
Serving HTTP on 0.0.0.0 port 8000 ...  
10.10.10.153 - - [27/Dec/2019 21:07:25] "GET /pspy HTTP/1.1" 200 -             
----------------------------------------                                       
Exception happened during processing of request from ('10.10.10.153', 39866)   
Traceback (most recent call last):     
  File "/usr/lib/python2.7/SocketServer.py", line 293, in _handle_request_noblock                                                                              
    self.process_request(request, client_address)                              
  File "/usr/lib/python2.7/SocketServer.py", line 321, in process_request      
    self.finish_request(request, client_address)                               
  File "/usr/lib/python2.7/SocketServer.py", line 334, in finish_request       
    self.RequestHandlerClass(request, client_address, self)                    
  File "/usr/lib/python2.7/SocketServer.py", line 657, in __init__             
    self.finish()                      
  File "/usr/lib/python2.7/SocketServer.py", line 716, in finish               
    self.wfile.close()                 
  File "/usr/lib/python2.7/socket.py", line 283, in close                      
    self.flush()                       
  File "/usr/lib/python2.7/socket.py", line 307, in flush                      
    self._sock.sendall(view[write_offset:write_offset+buffer_size])            
error: [Errno 32] Broken pipe          
----------------------------------------                                       
10.10.10.153 - - [27/Dec/2019 21:23:18] "GET /pspy HTTP/1.1" 200 -             
^C----------------------------------------                                     
Exception happened during processing of request from ('10.10.10.153', 39872)   
Traceback (most recent call last):     
  File "/usr/lib/python2.7/SocketServer.py", line 293, in _handle_request_noblock                                                                              
    self.process_request(request, client_address)                              
  File "/usr/lib/python2.7/SocketServer.py", line 321, in process_request      
    self.finish_request(request, client_address)                               
  File "/usr/lib/python2.7/SocketServer.py", line 334, in finish_request       
    self.RequestHandlerClass(request, client_address, self)                    
  File "/usr/lib/python2.7/SocketServer.py", line 655, in __init__             
    self.handle()                      
  File "/usr/lib/python2.7/BaseHTTPServer.py", line 340, in handle             
    self.handle_one_request()          
  File "/usr/lib/python2.7/BaseHTTPServer.py", line 328, in handle_one_request 
    method()                           
  File "/usr/lib/python2.7/SimpleHTTPServer.py", line 48, in do_GET            
    self.copyfile(f, self.wfile)       
  File "/usr/lib/python2.7/SimpleHTTPServer.py", line 192, in copyfile         
    shutil.copyfileobj(source, outputfile)                                     
  File "/usr/lib/python2.7/shutil.py", line 66, in copyfileobj                 
    fdst.write(buf)                    
  File "/usr/lib/python2.7/socket.py", line 328, in write                      
    self.flush()                       
  File "/usr/lib/python2.7/socket.py", line 307, in flush                      
    self._sock.sendall(view[write_offset:write_offset+buffer_size])            
KeyboardInterrupt                      
----------------------------------------                                       
^CTraceback (most recent call last):   
  File "/usr/lib/python2.7/runpy.py", line 174, in _run_module_as_main         
    "__main__", fname, loader, pkg_name)                                       
  File "/usr/lib/python2.7/runpy.py", line 72, in _run_code                    
    exec code in run_globals           
  File "/usr/lib/python2.7/SimpleHTTPServer.py", line 235, in <module>         
    test()                             
  File "/usr/lib/python2.7/SimpleHTTPServer.py", line 231, in test             
    BaseHTTPServer.test(HandlerClass, ServerClass)                             
  File "/usr/lib/python2.7/BaseHTTPServer.py", line 610, in test               
    httpd.serve_forever()              
  File "/usr/lib/python2.7/SocketServer.py", line 231, in serve_forever        
    poll_interval)                     
  File "/usr/lib/python2.7/SocketServer.py", line 150, in _eintr_retry         
    return func(*args)                 
KeyboardInterrupt                      
┌─[✗]─[root@parrot]─[~/hackthebox/teacher/www]                                 
└──╼ #                                 
