┌─[root@parrot]─[~/hackthebox/cronos]   
└──╼ #nslookup                          
> server 10.10.10.13                    
Default server: 10.10.10.13             
Address: 10.10.10.13#53                 
> 10.10.10.13                           
13.10.10.10.in-addr.arpa        name = ns1.cronos.htb.                           
> cronos.htb                            
Server:         10.10.10.13             
Address:        10.10.10.13#53          

Name:   cronos.htb                      
Address: 10.10.10.13                    
>                                       
>                                       
┌─[root@parrot]─[~/hackthebox/cronos]   
└──╼ #dig axfr @10.10.10.13 cronos.htb  

; <<>> DiG 9.11.5-P4-5.1+b1-Debian <<>> axfr @10.10.10.13 cronos.htb             
; (1 server found)                      
;; global options: +cmd                 
cronos.htb.             604800  IN      SOA     cronos.htb. admin.cronos.htb. 3 604800 86400 2419200 604800                                                        
cronos.htb.             604800  IN      NS      ns1.cronos.htb.                  
cronos.htb.             604800  IN      A       10.10.10.13                      
admin.cronos.htb.       604800  IN      A       10.10.10.13                      
ns1.cronos.htb.         604800  IN      A       10.10.10.13                      
www.cronos.htb.         604800  IN      A       10.10.10.13                      
cronos.htb.             604800  IN      SOA     cronos.htb. admin.cronos.htb. 3 604800 86400 2419200 604800                                                        
;; Query time: 202 msec                 
;; SERVER: 10.10.10.13#53(10.10.10.13)  
;; WHEN: Wed Jan 08 20:47:40 EST 2020   
;; XFR size: 7 records (messages 1, bytes 203)                                   

┌─[root@parrot]─[~/hackthebox/cronos]   
└──╼ #vi /etc/hosts                     
┌─[root@parrot]─[~/hackthebox/cronos]   
└──╼ #cd /etc/                          
┌─[root@parrot]─[/etc]                  
└──╼ #ls -la                            
total 2608                              
drwxr-xr-x 226 root     root      16384 Jan  8 20:49 .                           
drwxr-xr-x  21 root     root       4096 Jan  6 14:02 ..                          
-rw-r--r--   1 root     root       2981 Sep  9 09:26 adduser.conf                
-rw-r--r--   1 root     root         16 Sep 20 19:06 adjtime                     
-rw-r--r--   1 root     root        185 Sep 14 12:04 aliases                     
drwxr-xr-x   3 root     root       4096 Sep 20 18:57 alsa                        
drwxr-xr-x   2 root     root      36864 Jan  4 20:30 alternatives                
drwxr-xr-x   2 root     root       4096 Sep 20 18:57 amap                        
drw-r-xr-x   2 root     root       4096 Sep 20 18:57 anonsurf                    
drwxr-xr-x   8 root     root       4096 Sep 20 18:57 apache2                     
drwxr-xr-x   3 root     root       4096 Dec 23 04:42 apparmor                    
drwxr-xr-x   9 root     root       4096 Dec 23 04:50 apparmor.d                  
drwxr-xr-x   7 root     root       4096 Dec 23 04:20 apt                         
drwxr-xr-x   2 root     root       4096 Sep 20 18:57 arpwatch                    
drwxr-xr-x   3 root     root       4096 Sep 20 18:57 avahi                       
-rw-r--r--   1 root     root     505949 Jul 14 13:29 avrdude.conf                
-rw-r--r--   1 root     root       1994 Apr 18  2019 bash.bashrc                 
-rw-r--r--   1 root     root         45 Feb 11  2019 bash_completion             
drwxr-xr-x   2 root     root       4096 Dec 23 04:19 bash_completion.d           
-rw-r--r--   1 root     root       4698 Nov 10 13:40 bashrc                      
drwxr-xr-x   2 root     root       4096 Sep 20 18:57 bdfproxy                    
drwxr-xr-x   2 root     root       4096 Sep 20 18:57 beef-xss                    
-rw-r--r--   1 root     root        367 Mar  2  2018 bindresvport.blacklist      
drwxr-xr-x   2 root     root       4096 Aug 29 10:18 binfmt.d                    
drwxr-xr-x   2 root     root       4096 Sep 20 18:57 bluetooth                   
-rw-r--r--   1 root     root       7439 Mar  9  2018 bogofilter.cf               
-rw-r--r--   1 root     root        860 Sep  3  2018 btscanner.dtd               
-rw-r--r--   1 root     root       1559 Sep  3  2018 btscanner.xml               
drwxr-xr-x   3 root     root       4096 Sep 20 18:57 ca-certificates             
-rw-r--r--   1 root     root       5713 Sep  9 09:28 ca-certificates.conf        
drwxr-xr-x   2 root     root       4096 Sep 20 18:57 calendar                    
-rw-r--r--   1 root     root       4597 May  4  2018 cczerc                      
drwxr-s---   2 root     dip        4096 Sep 20 18:57 chatscripts                 
-rw-r--r--   1 root     root         56 Dec 23 04:08 chkrootkit.conf             
drwxr-xr-x   2 root     root       4096 Dec 20 21:36 cifs-utils                  
drwxr-xr-x   2 root     root       4096 Sep 20 18:57 cisco-torch                 
drwxr-xr-x   2 root     root       4096 Dec 23 04:22 console-setup               
drwxr-xr-x   2 root     root       4096 Dec 23 04:08 cracklib                    
drwxr-xr-x   2 root     root       4096 Dec 23 04:20 cron.d                      
drwxr-xr-x   2 root     root       4096 Dec 23 04:43 cron.daily                  
drwxr-xr-x   2 root     root       4096 Dec 23 04:07 cron.hourly                 
drwxr-xr-x   2 root     root       4096 Dec 23 04:07 cron.monthly                
-rw-r--r--   1 root     root       1042 Jun 23  2019 crontab                     
drwxr-xr-x   2 root     root       4096 Dec 23 04:07 cron.weekly                 
drwxr-xr-x   2 root     root       4096 Dec 23 04:42 cryptsetup-initramfs        
drwxr-xr-x   2 root     root       4096 Jul  5  2019 cryptsetup-nuke-password    
-rw-r--r--   1 root     root         54 Sep 14 11:50 crypttab                    
drwxr-xr-x   5 root     root       4096 Dec 23 04:43 cups                        
drwxr-xr-x   2 root     root       4096 Dec 23 04:40 cupshelpers                 
drwxr-xr-x   2 root     root       4096 Sep 20 18:57 darkstat                    
drwxr-xr-x   4 root     root       4096 Sep 20 18:57 dbus-1                      
drwxr-xr-x   3 root     root       4096 Sep 20 18:57 dconf                       
-rw-r--r--   1 root     root       2969 Aug  3 06:51 debconf.conf                
-rw-r--r--   1 root     root          7 Mar 19  2019 debian_version              
drwxr-xr-x   3 root     root       4096 Dec 23 06:06 default                     
-rw-r--r--   1 root     root        604 Jun 26  2016 deluser.conf                
drwxr-xr-x   4 root     root       4096 Sep 20 18:57 dhcp                        
drwxr-xr-x   2 root     root       4096 Sep 20 19:03 dictionaries-common         
drwxr-xr-x   4 root     root       4096 Dec 23 04:07 dkms                        
-rw-r--r--   1 root     root        214 Jun 17  2010 dns2tcpd.conf               
-rw-r--r--   1 root     root      25086 Jul 22 20:57 dnsmasq.conf                
drwxr-xr-x   3 root     root       4096 Sep 20 18:57 doc-base                    
drwxr-xr-x   4 root     root       4096 Sep 20 18:57 dpkg                        
drwxr-xr-x   7 dradis   dradis     4096 Dec 23 04:49 dradis                      
-rw-r--r--   1 root     root        685 Aug  6 15:22 e2scrub.conf                
drwxr-xr-x   3 root     root       4096 Sep 20 18:57 emacs                       
-rw-r--r--   1 root     root        312 Sep  3 13:35 email-addresses             
-rw-r--r--   1 root     root          0 Sep 14 12:18 environment                 
drwxr-xr-x   2 root     root       4096 Dec 23 04:20 environment.d               
drwxr-xr-x   2 root     root       4096 Sep 20 18:57 ettercap                    
drwxr-xr-x   3 root     root       4096 Dec 23 04:05 exim4                       
drwxr-xr-x   3 root     root       4096 Sep 20 18:57 firebird                    
drwxr-xr-x   2 root     root       4096 Sep 20 18:57 firefox                     
drwxr-xr-x   2 root     root       4096 Sep 20 18:57 firefox-esr                 
drwxr-xr-x   2 root     root      24576 Sep 20 19:03 firejail                    
-rw-r--r--   1 root     root       1745 Nov 22  2017 flasm.ini                   
drwxr-xr-x   4 root     root       4096 Sep 20 18:57 fonts                       
-rw-r--r--   1 root     root       9141 Aug 18 10:14 foremost.conf               
-rw-r--r--   1 root     root         57 Dec  9  2017 fragroute.conf              
drwxr-s---   3 freerad  freerad    4096 Sep 20 18:57 freeradius                  
drwxr-xr-x   2 root     root       4096 Sep 20 18:57 freetds                     
-rw-r--r--   1 root     root        938 Sep 20 18:56 fstab                       
-rw-r--r--   1 root     root        280 Jun 20  2014 fuse.conf                   
-rw-r--r--   1 root     root       2584 Aug  1  2018 gai.conf                    
drwxr-xr-x   5 root     root       4096 Sep 20 18:57 gconf                       
drwxr-xr-x   2 root     root       4096 Dec 23 04:08 gdb                         
drwxr-xr-x   2 root     root       4096 Dec 23 04:44 geoclue                     
-rw-r--r--   1 root     root        725 Sep 14 10:55 GeoIP.conf                  
drwxr-xr-x   4 root     root       4096 Sep 20 18:57 ghostscript                 
drwxr-xr-x   3 root     root       4096 Sep 20 18:57 gimp                        
drwxr-xr-x   3 root     root       4096 Sep 20 18:57 glvnd                       
drwxr-xr-x   2 root     root       4096 Sep 20 18:57 gnome-system-tools          
drwxr-xr-x   3 root     root       4096 Sep 20 18:57 gnuradio                    
drwxr-xr-x   2 root     root       4096 Sep 20 18:57 groff                       
-rw-r--r--   1 root     root       1424 Dec 23 04:21 group                       
-rw-r--r--   1 root     root       1407 Dec 23 04:06 group-                      
drwxr-xr-x   2 root     root       4096 Dec 23 04:07 grub.d                      
-rw-r-----   1 root     shadow     1187 Dec 23 04:21 gshadow                     
-rw-r-----   1 root     shadow     1173 Dec 23 04:06 gshadow-                    
drwxr-xr-x   3 root     root       4096 Sep 20 18:57 gss                         
drwxr-xr-x   2 root     root       4096 Dec 23 04:05 gtk-2.0                     
drwxr-xr-x   2 root     root       4096 Dec 23 04:43 gtk-3.0                     
drwxr-xr-x   3 root     root       4096 Dec 24 08:56 gufw                        
-rw-r--r--   1 root     root        623 Feb 20  2016 guid-resolv.conf            
drwxr-xr-x   2 root     root       4096 Dec 23 04:43 guymager                    
-rw-r--r--   1 root     root       6748 Jan 21  2018 hddtemp.db                  
-rw-r--r--   1 root     root       5060 Aug 21 08:36 hdparm.conf                 
drwxr-xr-x   2 root     root       4096 Sep 20 18:57 highlight                   
drwxr-xr-x   2 root     root       4096 Dec 23 04:04 hostapd                     
drwxr-xr-x   3 root     root       4096 Sep 20 18:57 hostapd-wpe                 
-rw-r--r--   1 root     root          9 Mar 19  2019 host.conf                   
-rw-r--r--   1 root     root          7 Sep 20 19:04 hostname                    
-rw-r--r--   1 root     root        570 Jan  8 20:49 hosts                       
-rw-r--r--   1 root     root        411 Sep 14 12:03 hosts.allow                 
-rw-r--r--   1 root     root        711 Sep 14 12:03 hosts.deny                  
drwxr-xr-x   3 root     root       4096 Sep 20 18:57 httpd                       
drwxr-xr-x   2 root     root       4096 Sep 20 18:57 i2p                         
drwxr-xr-x   3 root     root       4096 Sep 20 18:57 ifplugd                     
drwxr-xr-x   2 root     root       4096 Dec 23 04:06 inetsim                     
drwxr-xr-x   2 root     root       4096 Sep 20 18:57 init                        
drwxr-xr-x   2 root     root       4096 Dec 23 06:06 init.d                      
drwxr-xr-x   5 root     root       4096 Sep 20 18:57 initramfs-tools             
-rw-r--r--   1 root     root       1748 Aug 22 06:57 inputrc                     
drwxr-xr-x   3 root     root       4096 Sep 20 18:57 insserv                     
-rw-r--r--   1 root     root        874 Sep 27 20:02 insserv.conf                
drwxr-xr-x   2 root     root       4096 Dec 23 04:50 insserv.conf.d              
drwxr-xr-x   4 root     root       4096 Dec 23 04:07 iproute2                    
-rw-r--r--   1 root     root        608 Oct 18 10:44 ipsec.conf                  
drwxr-xr-x  11 root     root       4096 Sep 20 18:57 ipsec.d                     
-rw-------   1 root     root        175 Oct 18 10:44 ipsec.secrets               
-rw-r--r--   1 root     root         17 May 22  2019 issue                       
-rw-r--r--   1 root     root         11 May 22  2019 issue.net                   
drwxr-xr-x   3 root     root       4096 Sep 20 18:57 .java                       
drwxr-xr-x   3 root     root       4096 Sep 20 18:57 java                        
drwxr-xr-x   5 root     root       4096 Dec 23 04:49 java-11-openjdk             
drwxr-xr-x   5 root     root       4096 Sep 20 18:57 java-8-openjdk              
drwxr-xr-x   2 root     root       4096 Sep 20 18:57 john                        
drwxr-xr-x   3 root     root       4096 Sep 20 18:57 jupyter                     
drwxr-xr-x   8 root     root       4096 Sep 20 18:57 kernel                      
drwxr-xr-x   2 root     root       4096 Dec 23 04:49 king-phisher                
drwxr-xr-x   2 root     root       4096 Sep 20 18:57 kismet                      
drwxr-xr-x   2 root     root       4096 Sep 20 18:57 ldap                        
-rw-r--r--   1 root     root     135704 Jan  6 14:04 ld.so.cache                 
-rw-r--r--   1 root     root         34 Mar  2  2018 ld.so.conf                  
drwxr-xr-x   2 root     root       4096 Dec 29 21:40 ld.so.conf.d                
-rw-r--r--   1 root     root          0 Dec 19 04:46 ld.so.preload               
-rw-r--r--   1 root     root         26 Jan 13  2018 libao.conf                  
-rw-r--r--   1 root     root        191 Jul 22 03:16 libaudit.conf               
drwxr-xr-x   3 root     root       4096 Sep 20 18:57 libblockdev                 
-rw-r--r--   1 root     root      47198 Aug 10 06:47 libccid_Info.plist          
-rw-r--r--   1 root     root        371 Nov 17 05:27 libguestfs-tools.conf       
drwxr-xr-x   2 root     root       4096 Dec 23 03:57 libibverbs.d                
drwxr-xr-x   2 root     root       4096 Sep 20 18:57 libnl-3                     
drwxr-xr-x   2 root     root       4096 Sep 14 12:23 libpaper.d                  
drwxr-xr-x   2 root     root       4096 Dec 23 04:49 libreoffice                 
drwxr-xr-x   2 root     root       4096 Dec 23 04:43 lightdm                     
drwxr-xr-x   4 root     root       4096 Dec 23 04:06 lighttpd                    
-rw-r--r--   1 root     root       1561 Sep  3 03:57 lintianrc                   
-rw-r--r--   1 root     root       2995 Oct 31 18:31 locale.alias                
-rw-r--r--   1 root     root       9358 Dec 19 00:59 locale.gen                  
lrwxrwxrwx   1 root     root         36 Dec 23 04:02 localtime -> /usr/share/zoneinfo/America/New_York                                                             
drwxr-xr-x   7 root     root       4096 Sep 20 18:57 logcheck                    
-rw-r--r--   1 root     root      10477 Jul 16 12:48 login.defs                  
-rw-r--r--   1 root     root        435 Aug 30 14:37 logrotate.conf              
drwxr-xr-x   2 root     root       4096 Dec 23 04:50 logrotate.d                 
-rw-r--r--   1 root     root         95 May 22  2019 lsb-release                 
-rw-r--r--   1 root     root      14867 Aug 20  2018 ltrace.conf                 
drwxr-xr-x   3 root     root       4096 Sep 20 18:57 lvm                         
drwxr-xr-x   3 root     root       4096 Sep 20 18:57 lynis                       
drwxr-xr-x   2 root     root       4096 Sep 20 18:57 macchanger                  
-rw-r--r--   1 root     root         33 Sep 20 19:10 machine-id                  
-rw-r--r--   1 root     root        111 Jul 26 10:20 magic                       
-rw-r--r--   1 root     root        111 Jul 26 10:20 magic.mime                  
-rw-r--r--   1 root     root      54584 Jan  4 20:30 mailcap                     
-rw-r--r--   1 root     root        449 Aug 10 19:53 mailcap.order               
-rw-r--r--   1 root     root         22 Dec 23 04:05 mailname                    
-rw-r--r--   1 root     root       5174 Aug 27 06:39 manpath.config              
drwxr-xr-x   2 root     root       4096 Dec 23 03:57 mate                        
drwxr-xr-x   3 root     root       4096 Sep 20 18:57 mate-settings-daemon        
-rw-r--r--   1 root     root      33061 Dec 20  2018 matplotlibrc                
-rw-r--r--   1 root     root      33020 Feb 12  2019 matplotlibrc2               
drwxr-xr-x   2 root     root       4096 Sep 20 18:57 mc                          
drwxr-xr-x   2 root     root       4096 Dec 23 04:20 mdadm                       
drwxr-xr-x   2 root     root       4096 Sep 20 18:57 menu                        
drwxr-xr-x   2 root     root       4096 Sep 20 18:57 menu-methods                
drwxr-xr-x   3 root     root       4096 Dec 23 04:27 mercurial                   
-rw-r--r--   1 root     root      24546 Aug 10 19:53 mime.types                  
drwxr-xr-x   2 root     root       4096 Sep 20 19:03 miredo                      
-rw-r--r--   1 root     root        264 Jul 26 03:57 miredo.conf                 
-rw-r--r--   1 root     root        846 Aug  6 15:22 mke2fs.conf                 
drwxr-xr-x   2 root     root       4096 Dec 23 04:20 modprobe.d                  
-rw-r--r--   1 root     root        195 Sep  9 09:28 modules                     
drwxr-xr-x   2 root     root       4096 Dec 23 04:43 modules-load.d              
drwxr-xr-x   6 root     root       4096 Sep 20 18:57 mono                        
-rw-r--r--   1 root     root        581 May 22  2019 motd                        
drwxr-xr-x   2 root     root       4096 Dec 23 04:44 mpv                         
lrwxrwxrwx   1 root     root         19 Sep 20 19:10 mtab -> ../proc/self/mounts 
-rw-r--r--   1 root     root        624 Jan  5  2019 mtools.conf                 
drwxr-xr-x   4 root     root       4096 Dec 23 04:50 mysql                       
-rw-r--r--   1 root     root      10734 Oct  8 15:59 nanorc                      
drwxr-xr-x   2 root     root       4096 Dec 22 23:38 neo4j                       
-rw-r--r--   1 root     root        767 Sep  1 14:43 netconfig                   
-rw-r--r--   1 root     root       2064 Nov 23  2006 netscsid.conf               
drwxr-xr-x   2 root     root       4096 Dec 23 04:07 netsniff-ng                 
drwxr-xr-x   7 root     root       4096 Sep 20 19:04 network                     
drwxr-xr-x   7 root     root       4096 Dec 23 04:43 NetworkManager              
-rw-r--r--   1 root     root         60 Sep  9 09:28 networks                    
drwxr-xr-x   2 root     root       4096 Sep 20 18:57 nfc                         
-rwxr-xr-x   1 root     root        228 Aug 26 06:40 nftables.conf               
drwxr-xr-x   8 root     root       4096 Dec 23 03:57 nginx                       
-rw-r--r--   1 root     root       3287 Apr  8  2019 nikto.conf                  
-rwxr-xr-x   1 root     root       4405 Jun 13  2013 nipper.conf                 
-rw-r--r--   1 root     root        545 Sep 14 12:14 nsswitch.conf               
-rw-r--r--   1 root     root       2162 Jul  7  2019 ntp.conf                    
drwxr-xr-x   2 root     root       4096 Jul 21 13:09 ODBCDataSources             
-rw-r--r--   1 root     root          0 Jul 21 13:09 odbc.ini                    
drwxr-xr-x   2 root     root       4096 Sep 20 18:57 openal                      
drwxr-xr-x   3 root     root       4096 Sep 20 18:57 OpenCL                      
drwxr-xr-x   2 root     root       4096 Sep 20 18:57 openfortivpn                
drwxr-xr-x   2 root     root       4096 Sep 20 18:57 opensc                      
drwxr-xr-x   2 root     root       4096 Sep 20 18:57 openvas                     
drwxr-xr-x   4 root     root       4096 Sep 20 18:57 openvpn                     
drwxr-xr-x   2 root     root       4096 Sep  9 09:24 opt                         
lrwxrwxrwx   1 root     root         21 Sep 20 19:03 os-release -> ../usr/lib/os-release                                                                           
-rw-r--r--   1 root     root     137460 Feb 20  2016 oui-resolv.conf             
drwxr-xr-x   2 root     root       4096 Sep 20 18:57 p0f                         
drwxr-xr-x   2 root     root       4096 Sep 20 18:57 PackageKit                  
-rw-r--r--   1 root     root        552 Feb 14  2019 pam.conf                    
drwxr-xr-x   2 root     root       4096 Dec 23 04:44 pam.d                       
-rw-r--r--   1 root     root          3 Sep 14 12:04 papersize                   
-rw-r--r--   1 root     root       3527 Dec 23 04:06 passwd                      
-rw-r--r--   1 root     root       3527 Dec 23 04:06 passwd-                     
drwxr-xr-x   4 root     root       4096 Dec 19 13:00 perl                        
drwxr-xr-x   3 root     root       4096 Sep 20 18:57 php                         
drwxr-xr-x   2 root     root       4096 Dec 23 04:27 plymouth                    
drwxr-xr-x   4 root     root       4096 Sep 20 18:57 polkit-1                    
drwxr-xr-x   4 postgres postgres   4096 Dec 23 04:42 postgresql                  
drwxr-xr-x   3 root     root       4096 Dec 23 04:06 postgresql-common           
drwxr-xr-x   7 root     root       4096 Sep 20 18:57 ppp                         
-rw-r--r--   1 root     root        767 Mar 19  2019 profile                     
drwxr-xr-x   2 root     root       4096 Dec 23 04:43 profile.d                   
-rw-r--r--   1 root     root       2932 Feb  9  2019 protocols                   
-rw-r--r--   1 root     root       1681 Jan  2 08:51 proxychains.conf            
drwxr-xr-x   3 root     root       4096 Dec 23 04:44 pulse                       
-rw-------   1 root     root          0 Sep  9 09:26 .pwd.lock                   
drwxr-xr-x   2 root     root       4096 Sep 20 18:57 python                      
drwxr-xr-x   2 root     root       4096 Dec 23 03:21 python2.7                   
drwxr-xr-x   2 root     root       4096 Sep 20 18:57 python3                     
drwxr-xr-x   2 root     root       4096 Dec 22 21:01 python3.7                   
-rwxr-xr-x   1 root     root        163 Aug  7 11:49 qemu-ifdown                 
-rwxr-xr-x   1 root     root       1148 Dec  2 05:24 qemu-ifup                   
drwxr-xr-x   2 root     root       4096 Dec 23 04:04 radcli                      
drwxr-xr-x   2 root     root       4096 Dec 23 06:06 rc0.d                       
drwxr-xr-x   2 root     root       4096 Dec 23 06:06 rc1.d                       
drwxr-xr-x   2 root     root       4096 Dec 23 06:06 rc2.d                       
drwxr-xr-x   2 root     root       4096 Dec 23 06:06 rc3.d                       
drwxr-xr-x   2 root     root       4096 Dec 23 06:06 rc4.d                       
drwxr-xr-x   2 root     root       4096 Dec 23 06:06 rc5.d                       
drwxr-xr-x   2 root     root       4096 Dec 23 06:06 rc6.d                       
drwxr-xr-x   2 root     root       4096 Dec 23 03:18 rcS.d                       
drwxr-xr-x   2 root     root       4096 Sep 20 18:57 reader.conf.d               
-rw-r--r--   1 root     root        373 Aug 13 10:13 rearj.cfg                   
drwxr-xr-x   2 root     root       4096 Dec 23 04:40 redis                       
-rw-r--r--   1 root     root       2431 Jan  2  2017 redsocks.conf               
-rw-r--r--   1 root     root       3267 Aug 28 19:54 reportbug.conf              
drwxr-xr-x   2 root     root       4096 Dec 20 21:36 request-key.d               
lrwxrwxrwx   1 root     root         31 Sep 20 19:03 resolv.conf -> /etc/resolvconf/run/resolv.conf                                                                
drwxr-xr-x   5 root     root       4096 Sep 20 19:03 resolvconf                  
drwxr-xr-x   2 root     root       4096 Sep 20 18:57 responder                   
-rw-r--r--   1 root     root      49185 Jul 12 12:00 rkhunter.conf               
-rw-r--r--   1 root     root        298 Aug 19  2018 rlinetd.conf                
drwxr-xr-x   2 root     root       4096 Sep 20 18:57 rlinetd.d                   
lrwxrwxrwx   1 root     root         13 Sep 20 19:03 rmt -> /usr/sbin/rmt        
-rw-r--r--   1 root     root        887 Feb  9  2019 rpc                         
-rw-r--r--   1 root     root       1988 Jul  9  2019 rsyslog.conf                
drwxr-xr-x   2 root     root       4096 Sep 20 18:57 rsyslog.d                   
drwxr-xr-x   3 root     root       4096 Sep 20 18:57 runit                       
drwxr-xr-x   3 root     root       4096 Dec 23 03:57 samba                       
drwxr-xr-x   3 root     root       4096 Dec 23 04:42 sane.d                      
drwxr-xr-x   2 root     root       4096 Sep 20 18:57 scalpel                     
-rw-r--r--   1 root     root       3663 Jun  9  2015 screenrc                    
-rw-r--r--   1 root     root        700 Dec 11 08:21 searchsploit_rc             
drwxr-xr-x   4 root     root       4096 Dec 23 03:56 security                    
drwxr-xr-x   2 root     root       4096 Sep 20 18:57 selinux                     
-rw-r--r--   1 root     root      10593 Dec 19  2018 sensors3.conf               
drwxr-xr-x   2 root     root       4096 Dec 23 03:57 sensors.d                   
-rw-r--r--   1 root     root      16720 Dec  6 05:59 services                    
-rw-r--r--   1 root     root        216 Aug  7 14:04 sestatus.conf               
drwxr-xr-x   4 root     root       4096 Dec 23 04:05 sgml                        
-rw-r-----   1 root     shadow     1958 Jan  7 04:13 shadow                      
-rw-r-----   1 root     shadow     1958 Dec 23 04:06 shadow-                     
drwxr-xr-x   4 root     root       4096 Sep 20 18:57 shellinabox                 
-rw-r--r--   1 root     root        154 Dec 23 07:45 shells                      
drwxr-xr-x   2 root     root       4096 Sep 20 18:57 siege                       
drwxr-xr-x   9 root     root       4096 Dec 23 03:16 skel                        
-rw-r--r--   1 root     root       7042 Oct 10 23:05 smartd.conf                 
drwxr-xr-x   4 root     root       4096 Sep 20 18:57 smartmontools               
-rw-r--r--   1 root     root       1201 Dec  2  2018 smi.conf                    
drwxr-xr-x   2 root     root       4096 Dec 23 03:57 snmp                        
drwxr-xr-x   3 root     root       4096 Sep 20 18:57 sound                       
-rw-r--r--   1 root     root       7995 Feb 11  2019 sparta.conf                 
drwxr-xr-x   2 root     root       4096 Dec 23 04:07 sqlmap                      
drwxr-xr-x   2 root     root       4096 Dec 23 04:27 ssh                         
drwxr-xr-x   4 root     root       4096 Dec 23 04:05 ssl                         
drwxr-xr-x   2 root     root       4096 Dec 23 04:05 sslsplit                    
-rw-r--r--   1 root     root        771 Mar 19  2019 staff-group-for-usr-local   
-rw-r--r--   1 root     root        281 Aug 26 06:58 strongswan.conf             
drwxr-xr-x   3 root     root       4096 Dec 23 04:20 strongswan.d                
drwxr-xr-x   2 root     root       4096 Dec 23 04:06 stunnel                     
-rw-r--r--   1 root     root         21 Sep 20 19:05 subgid                      
-rw-r--r--   1 root     root          0 Sep  9 09:26 subgid-                     
-rw-r--r--   1 root     root         21 Sep 20 19:05 subuid                      
-rw-r--r--   1 root     root          0 Sep  9 09:26 subuid-                     
drwxr-xr-x   2 root     root       4096 Dec 23 04:07 subversion                  
-r--r-----   1 root     root        669 Aug  6 14:58 sudoers                     
drwxr-xr-x   2 root     root       4096 Dec 23 04:04 sudoers.d                   
drwxr-xr-x   4 root     root       4096 Sep 20 18:57 sv                          
-rw-r--r--   1 root     root       2351 May 31  2018 sysctl.conf                 
drwxr-xr-x   2 root     root       4096 Dec 23 04:42 sysctl.d                    
drwxr-xr-x   2 root     root       4096 Dec 23 04:05 sysstat                     
drwxr-xr-x   5 root     root       4096 Dec 23 04:40 systemd                     
-rw-r--r--   1 root     root       2764 Dec  4  2018 tcpxtract.conf              
drwxr-xr-x   2 root     root       4096 Sep 20 18:57 teamsploit                  
drwxr-xr-x   2 root     root       4096 Dec 23 03:16 terminfo                    
drwxr-xr-x   4 root     root       4096 Sep 20 18:57 texmf                       
drwxr-xr-x   2 root     root       4096 Dec 23 04:42 theHarvester                
drwxr-xr-x   2 root     root       4096 Jan 11  2019 thin2.5                     
-rw-r--r--   1 root     root         17 Dec 23 04:02 timezone                    
drwxr-xr-x   2 root     root       4096 Sep 20 18:57 timidity                    
drwxr-xr-x   2 root     root       4096 Sep 20 18:57 tmpfiles.d                  
drwxr-xr-x   2 root     root       4096 Dec 23 04:05 tor                         
drwxr-xr-x   2 root     root       4096 Sep 20 18:57 twofi                       
-rw-r--r--   1 root     root       1260 Dec 14  2018 ucf.conf                    
drwxr-xr-x   4 root     root       4096 Dec 23 04:19 udev                        
drwxr-xr-x   2 root     root       4096 Sep 20 18:57 udisks2                     
drwxr-xr-x   3 root     root       4096 Sep 20 18:57 ufw                         
drwxr-xr-x   2 root     root       4096 Sep 20 18:57 unicornscan                 
-rw-r--r--   1 root     root        501 Aug  6 15:09 updatedb.conf               
drwxr-xr-x   2 root     root       4096 Sep 20 18:57 update-motd.d               
drwxr-xr-x   2 root     root       4096 Dec 23 04:27 UPower                      
-rw-r--r--   1 root     root       1523 Feb 23  2018 usb_modeswitch.conf         
drwxr-xr-x   2 root     root       4096 Feb 23  2018 usb_modeswitch.d            
-rw-r--r--   1 root     root         51 Jul  9  2019 vdpau_wrapper.cfg           
-rw-r--r--   1 root     root          4 Jan 23  2019 video_format                
drwxr-xr-x   2 root     root       4096 Dec 23 04:07 vim                         
lrwxrwxrwx   1 root     root         16 Nov 17 05:27 virt-builder -> xdg/virt-builder                                                                              
drwxr-xr-x   4 root     root       4096 Dec 23 04:20 vmware-tools                
drwx------   2 root     root       4096 Sep 20 18:57 vpnc                        
drwxr-xr-x   5 root     root       4096 Sep 20 18:57 vulkan                      
-rw-r--r--   1 root     root       4942 Aug  3 20:05 wgetrc                      
drwxr-xr-x   3 root     root       4096 Dec 24 08:00 wicd                        
drwx------   2 root     root       4096 Aug 19 20:52 wireguard                   
drwxr-xr-x   3 root     root       4096 Dec 24 08:46 Wireless                    
drwxr-xr-x   2 root     root       4096 Dec 23 04:04 wireshark                   
-rw-r--r--   1 root     root       1343 Jan  9  2007 wodim.conf                  
drwxr-xr-x   2 root     root       4096 Dec 23 04:07 wpa_supplicant              
drwxr-xr-x  12 root     root       4096 Dec 23 03:57 X11                         
-rw-r--r--   1 root     root        642 Mar  1  2019 xattr.conf                  
drwxr-xr-x   2 root     root       4096 Sep 20 18:57 xboard                      
drwxr-xr-x   7 root     root       4096 Dec 21 01:12 xdg                         
drwxr-xr-x   2 root     root       4096 Sep 20 18:57 xl2tpd                      
drwxr-xr-x   3 root     root       4096 Sep 20 18:57 xml                         
drwxr-xr-x   2 root     root       4096 Sep 20 18:57 xprobe2                     
drwxr-xr-x   2 root     root       4096 Dec 23 04:44 xrdb                        
drwxr-xr-x   2 root     root       4096 Sep 20 18:57 yasat                       
drwxr-xr-x   5 root     root       4096 Dec 21 07:10 yum                         
drwxr-xr-x   2 root     root       4096 Sep 20 18:57 zsh                         
┌─[root@parrot]─[/etc]                  
└──╼ #vi login.req                      
┌─[root@parrot]─[/etc]                  
└──╼ #sqlmap -r login.req               
        ___                             
       __H__                            
 ___ ___[)]_____ ___ ___  {1.3.12#stable}                                        
|_ -| . [(]     | .'| . |               
|___|_  [)]_|_|_|__,|  _|               
      |_|V...       |_|   http://sqlmap.org                                      

[!] legal disclaimer: Usage of sqlmap for attacking targets without prior mutual consent is illegal. It is the end user's responsibility to obey all applicable local, state and federal laws. Developers assume no liability and are not responsible for any misuse or damage caused by this program                                 

[*] starting @ 20:57:37 /2020-01-08/    

[20:57:37] [INFO] parsing HTTP request from 'login.req'                          
[20:57:41] [INFO] testing connection to the target URL                           
[20:57:43] [INFO] checking if the target is protected by some kind of WAF/IPS    
[20:57:44] [INFO] testing if the target URL content is stable                    
[20:57:45] [INFO] target URL content is stable                                   
[20:57:45] [INFO] testing if POST parameter 'username' is dynamic                
[20:57:46] [WARNING] POST parameter 'username' does not appear to be dynamic     
[20:57:47] [WARNING] heuristic (basic) test shows that POST parameter 'username' might not be injectable                                                           
[20:57:47] [INFO] testing for SQL injection on POST parameter 'username'         
[20:57:48] [INFO] testing 'AND boolean-based blind - WHERE or HAVING clause'     
[20:57:50] [INFO] testing 'Boolean-based blind - Parameter replace (original value)'                                                                               
[20:57:50] [INFO] testing 'MySQL >= 5.0 AND error-based - WHERE, HAVING, ORDER BY or GROUP BY clause (FLOOR)'                                                      
[20:57:52] [INFO] testing 'PostgreSQL AND error-based - WHERE or HAVING clause'  
[20:57:54] [INFO] testing 'Microsoft SQL Server/Sybase AND error-based - WHERE or HAVING clause (IN)'                                                              
[20:57:56] [INFO] testing 'Oracle AND error-based - WHERE or HAVING clause (XMLType)'                                                                              
[20:57:58] [INFO] testing 'MySQL >= 5.0 error-based - Parameter replace (FLOOR)' 
[20:57:59] [INFO] testing 'MySQL inline queries'                                 
[20:57:59] [INFO] testing 'PostgreSQL inline queries'                            
[20:58:00] [INFO] testing 'Microsoft SQL Server/Sybase inline queries'           
[20:58:00] [INFO] testing 'PostgreSQL > 8.1 stacked queries (comment)'           
[20:58:02] [INFO] testing 'Microsoft SQL Server/Sybase stacked queries (comment)'
[20:58:05] [INFO] testing 'Oracle stacked queries (DBMS_PIPE.RECEIVE_MESSAGE - comment)'                                                                           
[20:58:06] [INFO] testing 'MySQL >= 5.0.12 AND time-based blind (query SLEEP)'   
[20:58:19] [INFO] POST parameter 'username' appears to be 'MySQL >= 5.0.12 AND time-based blind (query SLEEP)' injectable                                          
it looks like the back-end DBMS is 'MySQL'. Do you want to skip test payloads specific for other DBMSes? [Y/n] Y                                                   
for the remaining tests, do you want to include all tests for 'MySQL' extending provided level (1) and risk (1) values? [Y/n] Y                                    
[21:01:49] [INFO] testing 'Generic UNION query (NULL) - 1 to 20 columns'         
[21:01:49] [INFO] automatically extending ranges for UNION query injection technique tests as there is at least one other (potential) technique found              
got a 302 redirect to 'http://admin.cronos.htb:80/welcome.php'. Do you want to follow? [Y/n] Y                                                                     
redirect is a result of a POST request. Do you want to resend original POST data to a new location? [y/N] y                                                        
[21:02:01] [CRITICAL] unable to connect to the target URL. sqlmap is going to retry the request(s)                                                                 
[21:02:01] [WARNING] most likely web server instance hasn't recovered yet from previous timed based payload. If the problem persists please wait for a few minutes and rerun without flag 'T' in option '--technique' (e.g. '--flush-session --technique=BEUS') or try to lower the value of option '--time-sec' (e.g. '--time-sec=2')
[21:02:08] [CRITICAL] unable to connect to the target URL                        
[21:02:20] [INFO] checking if the injection point on POST parameter 'username' is a false positive                                                                 
[21:02:25] [WARNING] false positive or unexploitable injection point detected    
[21:02:25] [WARNING] POST parameter 'username' does not seem to be injectable    
[21:02:25] [WARNING] POST parameter 'password' does not appear to be dynamic     
[21:02:26] [WARNING] heuristic (basic) test shows that POST parameter 'password' might not be injectable                                                           
[21:02:26] [INFO] testing for SQL injection on POST parameter 'password'         
[21:02:26] [INFO] testing 'AND boolean-based blind - WHERE or HAVING clause'     
[21:02:28] [INFO] testing 'Boolean-based blind - Parameter replace (original value)'                                                                               
it is recommended to perform only basic UNION tests if there is not at least one other (potential) technique found. Do you want to reduce the number of requests? [Y/n] Y                                  
[21:03:56] [INFO] testing 'Generic UNION query (NULL) - 1 to 10 columns'         
[21:03:59] [WARNING] POST parameter 'password' does not seem to be injectable    
[21:03:59] [CRITICAL] all tested parameters do not appear to be injectable. Try to increase values for '--level'/'--risk' options if you wish to perform more tests. If you suspect that there is some kind of protection mechanism involved (e.g. WAF) maybe you could try to use option '--tamper' (e.g. '--tamper=space2comment') and/or switch '--random-agent'           

[*] ending @ 21:03:59 /2020-01-08/      

┌─[root@parrot]─[/etc]                  
└──╼ #                                  
