root@parrot:~/hackthebox/mischief# python3 arrow.py                             
^Croot@parrot:~/hackthebox/mischief# snmpwalk -c public -v2c 10.10.10.92        
Timeout: No Response from 10.10.10.92   
root@parrot:~/hackthebox/mischief# git clone https://github.com/trickster0/Enyx.git                 
Cloning into 'Enyx'...                  
remote: Enumerating objects: 73, done.  
remote: Total 73 (delta 0), reused 0 (delta 0), pack-reused 73                  
Unpacking objects: 100% (73/73), done.  
root@parrot:~/hackthebox/mischief# cd Enyx/                                     
root@parrot:~/hackthebox/mischief/Enyx# ls                                      
enyx.png  enyx.py  README.md            
root@parrot:~/hackthebox/mischief/Enyx# less enyx.py                            
root@parrot:~/hackthebox/mischief/Enyx# python enyx.py 2c public 10.10.10.92    
###################################################################################                 
#                                                                                 #                 
#                      #######     ##      #  #    #  #    #                      #                 
#                      #          #  #    #    #  #    #  #                       #                 
#                      ######    #   #   #      ##      ##                        #                 
#                      #        #    # #        ##     #  #                       #                 
#                      ######  #     ##         ##    #    #                      #                 
#                                                                                 #                 
#                           SNMP IPv6 Enumerator Tool                             #                 
#                                                                                 #                 
#                   Author: Thanasis Tserpelis aka Trickster0                     #                 
#                                                                                 #                 
###################################################################################                 


[+] Snmpwalk found. 
[+] Grabbing IPv6.  
[+] Loopback -> 0000:0000:0000:0000:0000:0000:0000:0001                         
[+] Unique-Local -> dead:beef:0000:0000:0250:56ff:feb9:18b6                     
[+] Link Local -> fe80:0000:0000:0000:0250:56ff:feb9:18b6                       
root@parrot:~/hackthebox/mischief/Enyx#                                         
