searoot@parrot:~/hackthebox/beep# searchsploit elastix                           
------------------------------------------------------------------------------------------------------------------------- ----------------------------------------
 Exploit Title                                                                                                           |  Path                                  
                                                                                                                         | (/usr/share/exploitdb/)                
------------------------------------------------------------------------------------------------------------------------- ----------------------------------------
Elastix - 'page' Cross-Site Scripting                                                                                    | exploits/php/webapps/38078.py          
Elastix - Multiple Cross-Site Scripting Vulnerabilities                                                                  | exploits/php/webapps/38544.txt         
Elastix 2.0.2 - Multiple Cross-Site Scripting Vulnerabilities                                                            | exploits/php/webapps/34942.txt         
Elastix 2.2.0 - 'graph.php' Local File Inclusion                                                                         | exploits/php/webapps/37637.pl          
Elastix 2.x - Blind SQL Injection                                                                                        | exploits/php/webapps/36305.txt         
Elastix < 2.5 - PHP Code Injection                                                                                       | exploits/php/webapps/38091.php         
FreePBX 2.10.0 / Elastix 2.2.0 - Remote Code Execution                                                                   | exploits/php/webapps/18650.py          
------------------------------------------------------------------------------------------------------------------------- ----------------------------------------
Shellcodes: No Result                   
root@parrot:~/hackthebox/beep# searchsploit -m exploits/php/webapps/18650.py     
  Exploit: FreePBX 2.10.0 / Elastix 2.2.0 - Remote Code Execution                
      URL: https://www.exploit-db.com/exploits/18650                             
     Path: /usr/share/exploitdb/exploits/php/webapps/18650.py                    
File Type: Python script, ASCII text executable, with very long lines, with CRLF line terminators                                                                 

Copied to: /root/hackthebox/beep/18650.py                                        


root@parrot:~/hackthebox/beep# ls       
18650.py  nmap  passwords  users        
root@parrot:~/hackthebox/beep# vim 18650.py                                      
root@parrot:~/hackthebox/beep#          
