root@parrot:~/hackthebox/minion# strings minion.jpg                             
JFIF                                    
"!&+7/&)4)!"0A149;>>>%.DIC<H7=>;        
;("(;;;;;;;;;;;;;;;;;;;;;;;;;;;;;;;;;;;;;;;;;;;;;;;;;;                          
"2Bq                                    
#3Cbr                                   
%DTs                                    
&5Et                                    
"2Q3a                                   
Pdf0                                    
p0U@e                                   
JPQ00P                                  
Q00P                                    
mXxk                                    
p0RJI,                                  
@2S,e                                   
00PF                                    
0PU                                     
#03&                                    
A00d                                    
ns[o                                    
^%Xk+                                   
$s5KoL                                  
k}Y/v';H                                
00PP                                    
|SG%                                    
^V];                                    
p0A00d                                  
p0PA00P                                 
m?Wr                                    
i+mJ.                                   
|_{                                     
UL3,                                    
U)%Z                                    
^^[I                                    
@bPP                                    
@@\1                                    
.^^<^gl                                 
?L7F8uP                                 
/JPJ                                    
<nW?                                    
*1XE                                    
;O4il                                   
pd@xp                                   
v4#O                                    
y4T;:                                   
St;*                                    
r~$t[                                   
&`S6,                                   
T%qwZ6                                  
)9;|                                    
;}"8                                    
:dR&                                    
Qr2c                                    
:{Z5                                    
E?EKj                                   
T[_F                                    
{UT+                                    
}.WV                                    
A*w){                                   
<~fZ                                    
N</(s                                   
w:ulJ                                   
Glc~                                    
?h<I                                    
U_LFG                                   
G2o=                                    
(A')?                                   
(,w#                                    
-k;J                                    
n0r^                                    
_w<Gz                                   
'R<)YC8                                 
~F<S                                    
F9-bRg                                  
#;jP                                    
2u=Y                                    
+VqO*                                   
$Ddx                                    
b0f,                                    
-?g2                                    
$uUn                                    
JkmeN5m                                 
3W      z                               
ucywo?                                  
e!O%                                    
Gzm8                                    
']rV;                                   
Z_vF                                    
*^QE                                    
E->u$                                   
_HAe                                    
iQN^                                    
OV@v                                    
!B (                                    
G[qO                                    
,]5zI                                   
oiyR                                    
)]]G                                    
n#IBmy                                  
?/&_                                    
AJu]                                    
>Gq8y                                   
sZ["                                    
uugyJ                                   
geGu9:3                                 
X:O|                                    
8t+*                                    
n?yx                                    
4qjD                                    
qWn9.                                   
!oIG                                    
^g]sAE                                  
q9s5K                                   
'!)F                                    
J]3$                                    
==*w+W                                  
5Jdf                                    
rfh>                                    
B1( U                                   
G.}N,                                   
3d0q                                    
a3&.m                                   
gUsq^                                   
Qtem                                    
^#l|                                    
W6tw[T                                  
iMsm                                    
}It_#                                   
'MsT'W1_                                
4uZ%                                    
TS{g                                    
,+r1                                    
&.B2*9t                                 
J4mo                                    
_^s}                                    
/c:p                                    
t{7V                                    
X]Q*kw                                  
[(SK                                    
u=hf                                    
=L9#$9rS                                
\G1i                                    
UyRx                                    
{       )z                              
LYC     t8                              
%i]n                                    
W3(Iy                                   
>Z8j                                    
g9p<*E<zCo                              
e.q=                                    
(ZB<                                    
A|~gb                                   
Ly}Z                                    
P@(!@                                   
k^985)                                  
Syqr                                    
ir;K_                                   
qF74*Q                                  
}kqiz                                   
QN2L                                    
nZ2Wy\                                  
9M9u                                    
.O      6v3                             
-jYj                                    
Ny9~                                    
Mrs>K                                   
&kRFY                                   
qj{FP                                   
3t1i                                    
ZFp&                                    
M&YV7:aR)                               
ni]hW                                   
K1x>w                                   
hpM&                                    
n*A{                                    
:wTV                                    
#MS.                                    
Ce1m                                    
=,)y                                    
|}Vse                                   
R{W&-                                   
zj<s{N                                  
*EJ/                                    
t945j                                   
O'&5W                                   
s,/)                                    
omn?cqNy                                
)EB1                                    
G#      #                               
7SF2                                    
q{]i                                    
})E%                                    
j{<}J8                                  
[x^=                                    
MRg[g                                   
fqg3ua&Z                                
,vQi                                    
ZBU>                                    
O8>r                                    
#d`:                                    
3t`k                                    
F@*|                                    
'Zk~                                    
T>y{                                    
AJry                                    
9Xy1                                    
]7w3                                    
aR*I                                    
k\CZ                                    
jrn+/                                   
;KZV                                    
!J*1                                    
:t.kQY                                  
-tgiZ                                   
(g;a                                    
JGaO                                    
b]!'                                    
io5$                                    
teM:?F                                  
m5(xWO                                  
Zjq}9t;                                 
M2u[                                    
Bo;eAm                                  
\SuB                                    
#,}O                                    
IbI5                                    
#s1d                                    
)rY>                                    
Udz3                                    
+99:b                                   
'Esr                                    
7e).                                    
'T6P                                    
Yw~&                                    
dWUF2                                   
?G\Ge                                   
Rk)4                                    
-I^B>                                   
F*Mr                                    
kju.l                                   
_7v=}                                   
K>x6Ek                                  
k-Vn                                    
U-(T^                                   
SdnkQ                                   
)fQk                                    
5(Ie`                                   
:M{2:                                   
Bt'*s                                   
4vW:D5                                  
^BRT                                    
iJTe                                    
i<Oa                                    
XV{+                                    
~V*y                                    
kntR                                    
ZXG"G                                   
]^{Z                                    
5BNY                                    
3mL>h                                   
/mx2                                    
na).                                    
{j+5                                    
neIQ                                    
w"wU                                    
Ku]f                                    
J9GD                                    
pXi#                                    
n)<VRRM                                 
~g{+                                    
jU)&                                    
J;ZM>O=                                 
#MB;c                                   
w$Ja                                    
TfZUUQ                                  
KZPKd                                   
}|pg,!                                  
Z'&8                                    
E7J8                                    
KUuW                                    
TLs*H                                   
zx=O                                    
ZjWU                                    
sXgo                                    
jU+^                                    
+j9j/                                   
m*:5'ev                                 
iex/3                                   
EGXR                                    
eUuQ                                    
rmVh                                    
)KkG                                    
8uV[                                    
yxBO                                    
k1J-                                    
4jI(                                    
mCui                                    
r`c-                                    
XrM#                                    
R7-%                                    
8K&q                                    
;*SR                                    
JZ-(                                    
P^gm                                    
GQ-^                                    
R?SL                                    
brV<                                    
mkCLg                                   
0f@0                                    
J[C3                                    
1ps\                                    
5Jr~D                                   
JNX^                                    
9]LA                                    
c7      |                               
~'dG                                    
U'm7o'                                  
Nf7U%                                   
u)VYXO                                  
vQG#~:                                  
RxIuf                                   
ggo(                                    
MG,6                                    
J]NuU                                   
ty17U                                   
L6[s                                    
@F8c                                    
5q{%                                    
1FD"                                    
Yfq&                                    
njme|                                   
|[w/b)                                  
qV]jI                                   
6U9.                                    
_3t5+                                   
TeJq                                    
;/()5                                   
s.')M                                   
vDj4                                    
p0PDL                                   
kC2`                                    
r*B9o&                                  
cNl8                                    
Fs)q                                    
ItY7B                                   
BvW&                                    
x&"_"                                   
MSuh5ks                                 
Y{Yx                                    
guG@                                    
y#$N                                    
*=LY2                                   
0Nf@)                                   
sUBMx.x                                 
Voj1                                    
S3S5(                                   
k.Ne=&                                  
<9q?ic$WK                               
tmhC                                    
8.QG                                    
<%Mf                                    
w.hjQ                                   
ie/ae                                   
,c#s+                                   
g^5!/e                                  
2SGY                                    
krNe                                    
y{="                                    
#l@1d                                   
(V;X                                    
:TjW                                    
}bExj                                   
uv>g6                                   
m:^>                                    
T8KO                                    
:RG&6T!                                 
zE#5                                    
VqYH                                    
_B;*                                    
J)zl_                                   
..#9                                    
F\+d                                    
zQ_A                                    
zA}                                     
        tFI                             
`m)v                                    
BmE)D                                   
v~F.                                    
|-Z2                                    
v~G+                                    
Q}ba                                    
^G#av                                   
"l*8                                    
{2m^                                    
` bd                                    
root@parrot:~/hackthebox/minion# vi testconnection.sh                           
root@parrot:~/hackthebox/minion# clear  
root@parrot:~/hackthebox/minion# bash testconnection.sh                         
  % Total    % Received % Xferd  Average Speed   Time    Time     Time  Current 
                                 Dload  Upload   Total   Spent    Left  Speed   
100  1208  100  1208    0     0    595      0  0:00:02  0:00:02 --:--:--   596  
1                                       
  % Total    % Received % Xferd  Average Speed   Time    Time     Time  Current 
                                 Dload  Upload   Total   Spent    Left  Speed   
100  1208  100  1208    0     0    579      0  0:00:02  0:00:02 --:--:--   579  
2                                       
  % Total    % Received % Xferd  Average Speed   Time    Time     Time  Current 
                                 Dload  Upload   Total   Spent    Left  Speed   
100  1208  100  1208    0     0    513      0  0:00:02  0:00:02 --:--:--   513  
3                                       
  % Total    % Received % Xferd  Average Speed   Time    Time     Time  Current 
                                 Dload  Upload   Total   Spent    Left  Speed   
100  1208  100  1208    0     0   1188      0  0:00:01  0:00:01 --:--:--  1188  
4                                       
  % Total    % Received % Xferd  Average Speed   Time    Time     Time  Current 
                                 Dload  Upload   Total   Spent    Left  Speed   
100  1208  100  1208    0     0   1290      0 --:--:-- --:--:-- --:--:--  1290  
5                                       
  % Total    % Received % Xferd  Average Speed   Time    Time     Time  Current 
                                 Dload  Upload   Total   Spent    Left  Speed   
100  1208  100  1208    0     0   1170      0  0:00:01  0:00:01 --:--:--  1170  
6                                       
  % Total    % Received % Xferd  Average Speed   Time    Time     Time  Current 
                                 Dload  Upload   Total   Spent    Left  Speed   
100  1208  100  1208    0     0    569      0  0:00:02  0:00:02 --:--:--   569  
7                                       
  % Total    % Received % Xferd  Average Speed   Time    Time     Time  Current 
                                 Dload  Upload   Total   Spent    Left  Speed   
100  1208  100  1208    0     0    898      0  0:00:01  0:00:01 --:--:--   903  
8                                       
  % Total    % Received % Xferd  Average Speed   Time    Time     Time  Current 
                                 Dload  Upload   Total   Spent    Left  Speed   
100  1208  100  1208    0     0    919      0  0:00:01  0:00:01 --:--:--   919  
9                                       
  % Total    % Received % Xferd  Average Speed   Time    Time     Time  Current 
                                 Dload  Upload   Total   Spent    Left  Speed   
100  1208  100  1208    0     0    883      0  0:00:01  0:00:01 --:--:--   884  
10                                      
  % Total    % Received % Xferd  Average Speed   Time    Time     Time  Current 
                                 Dload  Upload   Total   Spent    Left  Speed   
100  1208  100  1208    0     0   1554      0 --:--:-- --:--:-- --:--:--  1570  
11                                      
  % Total    % Received % Xferd  Average Speed   Time    Time     Time  Current 
                                 Dload  Upload   Total   Spent    Left  Speed   
100  1208  100  1208    0     0    721      0  0:00:01  0:00:01 --:--:--   721  
12                                      
  % Total    % Received % Xferd  Average Speed   Time    Time     Time  Current 
                                 Dload  Upload   Total   Spent    Left  Speed   
100  1208  100  1208    0     0    749      0  0:00:01  0:00:01 --:--:--   749  
13                                      
  % Total    % Received % Xferd  Average Speed   Time    Time     Time  Current 
                                 Dload  Upload   Total   Spent    Left  Speed   
100  1208  100  1208    0     0   1467      0 --:--:-- --:--:-- --:--:--  1467  
14                                      
  % Total    % Received % Xferd  Average Speed   Time    Time     Time  Current 
                                 Dload  Upload   Total   Spent    Left  Speed   
100  1208  100  1208    0     0   1536      0 --:--:-- --:--:-- --:--:--  1536  
15                                      
  % Total    % Received % Xferd  Average Speed   Time    Time     Time  Current 
                                 Dload  Upload   Total   Spent    Left  Speed   
100  1208  100  1208    0     0   1755      0 --:--:-- --:--:-- --:--:--  1755  
16                                      
  % Total    % Received % Xferd  Average Speed   Time    Time     Time  Current 
                                 Dload  Upload   Total   Spent    Left  Speed   
100  1208  100  1208    0     0   1570      0 --:--:-- --:--:-- --:--:--  1570  
17                                      
  % Total    % Received % Xferd  Average Speed   Time    Time     Time  Current 
                                 Dload  Upload   Total   Spent    Left  Speed   
100  1208  100  1208    0     0    259      0  0:00:04  0:00:04 --:--:--   259  
18                                      
  % Total    % Received % Xferd  Average Speed   Time    Time     Time  Current 
                                 Dload  Upload   Total   Spent    Left  Speed   
100  1208  100  1208    0     0    367      0  0:00:03  0:00:03 --:--:--   367  
19                                      
  % Total    % Received % Xferd  Average Speed   Time    Time     Time  Current 
                                 Dload  Upload   Total   Spent    Left  Speed   
100  1208  100  1208    0     0    483      0  0:00:02  0:00:02 --:--:--   483  
20                                      
  % Total    % Received % Xferd  Average Speed   Time    Time     Time  Current 
                                 Dload  Upload   Total   Spent    Left  Speed   
100  1208  100  1208    0     0    560      0  0:00:02  0:00:02 --:--:--   560  
21                                      
  % Total    % Received % Xferd  Average Speed   Time    Time     Time  Current 
                                 Dload  Upload   Total   Spent    Left  Speed   
100  1208  100  1208    0     0    746      0  0:00:01  0:00:01 --:--:--   745  
22                                      
  % Total    % Received % Xferd  Average Speed   Time    Time     Time  Current 
                                 Dload  Upload   Total   Spent    Left  Speed   
100  1208  100  1208    0     0   1016      0  0:00:01  0:00:01 --:--:--  1017  
23                                      
  % Total    % Received % Xferd  Average Speed   Time    Time     Time  Current 
                                 Dload  Upload   Total   Spent    Left  Speed   
100  1208  100  1208    0     0   1043      0  0:00:01  0:00:01 --:--:--  1043  
24                                      
  % Total    % Received % Xferd  Average Speed   Time    Time     Time  Current 
                                 Dload  Upload   Total   Spent    Left  Speed   
100  1208  100  1208    0     0    951      0  0:00:01  0:00:01 --:--:--   951  
25                                      
  % Total    % Received % Xferd  Average Speed   Time    Time     Time  Current 
                                 Dload  Upload   Total   Spent    Left  Speed   
100  1208  100  1208    0     0    679      0  0:00:01  0:00:01 --:--:--   679  
26                                      
  % Total    % Received % Xferd  Average Speed   Time    Time     Time  Current 
                                 Dload  Upload   Total   Spent    Left  Speed   
100  1208  100  1208    0     0    414      0  0:00:02  0:00:02 --:--:--   414  
27                                      
  % Total    % Received % Xferd  Average Speed   Time    Time     Time  Current 
                                 Dload  Upload   Total   Spent    Left  Speed   
100  1208  100  1208    0     0    455      0  0:00:02  0:00:02 --:--:--   455  
28                                      
  % Total    % Received % Xferd  Average Speed   Time    Time     Time  Current 
                                 Dload  Upload   Total   Spent    Left  Speed   
100  1208  100  1208    0     0    527      0  0:00:02  0:00:02 --:--:--   527  
29                                      
  % Total    % Received % Xferd  Average Speed   Time    Time     Time  Current 
                                 Dload  Upload   Total   Spent    Left  Speed   
100  1208  100  1208    0     0    477      0  0:00:02  0:00:02 --:--:--   477  
30                                      
  % Total    % Received % Xferd  Average Speed   Time    Time     Time  Current 
                                 Dload  Upload   Total   Spent    Left  Speed   
100  1208  100  1208    0     0    390      0  0:00:03  0:00:03 --:--:--   390  
31                                      
  % Total    % Received % Xferd  Average Speed   Time    Time     Time  Current 
                                 Dload  Upload   Total   Spent    Left  Speed   
100  1208  100  1208    0     0    479      0  0:00:02  0:00:02 --:--:--   478  
32                                      
  % Total    % Received % Xferd  Average Speed   Time    Time     Time  Current 
                                 Dload  Upload   Total   Spent    Left  Speed   
100  1208  100  1208    0     0    572      0  0:00:02  0:00:02 --:--:--   573  
33                                      
  % Total    % Received % Xferd  Average Speed   Time    Time     Time  Current 
                                 Dload  Upload   Total   Spent    Left  Speed   
100  1208  100  1208    0     0    256      0  0:00:04  0:00:04 --:--:--   344  
34                                      
  % Total    % Received % Xferd  Average Speed   Time    Time     Time  Current 
                                 Dload  Upload   Total   Spent    Left  Speed   
100  1208  100  1208    0     0    424      0  0:00:02  0:00:02 --:--:--   424  
35                                      
  % Total    % Received % Xferd  Average Speed   Time    Time     Time  Current 
                                 Dload  Upload   Total   Spent    Left  Speed   
100  1208  100  1208    0     0    483      0  0:00:02  0:00:02 --:--:--   483  
36                                      
  % Total    % Received % Xferd  Average Speed   Time    Time     Time  Current 
                                 Dload  Upload   Total   Spent    Left  Speed   
100  1208  100  1208    0     0    534      0  0:00:02  0:00:02 --:--:--   537  
37                                      
  % Total    % Received % Xferd  Average Speed   Time    Time     Time  Current 
                                 Dload  Upload   Total   Spent    Left  Speed   
  0     0    0     0    0     0      0      0 --:--:-- --:--:-- --:--:--     0^C
root@parrot:~/hackthebox/minion#        
