-bash: /home/osboxes/linuxbrew/.linuxbrew/bin/brew: No such file or directory           
┌─[root@parrot]─[~/hackthebox/kotarak]      
└──╼ #ssh atanas@10.10.10.55                
The authenticity of host '10.10.10.55 (10.10.10.55)' can't be established.              
ECDSA key fingerprint is SHA256:NQur5V5yXjaFdc8fkpJGuuJqhJorg0SOr78tBOy0w8E.            
Are you sure you want to continue connecting (yes/no/[fingerprint])? yes                
Warning: Permanently added '10.10.10.55' (ECDSA) to the list of known hosts.            
atanas@10.10.10.55's password:              
Permission denied, please try again.        
atanas@10.10.10.55's password:              

┌─[✗]─[root@parrot]─[~/hackthebox/kotarak]  
└──╼ #cat cracked_hash                      
e64fe0f24ba2489c05e64354d74ebd11 NTLM f16tomcat!                                        
2b576acbe6bcfda7294d6bd18041b8fe NTLM Password123!                                      
┌─[root@parrot]─[~/hackthebox/kotarak]      
└──╼ #searchsploit wget                     
---------------------------------------------------------------------------------------------------------------------------------------- ----------------------------------------
 Exploit Title                                                                                                                          |  Path                                  
                                                                                                                                        | (/usr/share/exploitdb/)                
---------------------------------------------------------------------------------------------------------------------------------------- ----------------------------------------
GNU Wget 1.x - Multiple Vulnerabilities                                                                                                 | exploits/linux/remote/24813.pl         
GNU Wget < 1.18 - Access List Bypass / Race Condition                                                                                   | exploits/multiple/remote/40824.py      
GNU Wget < 1.18 - Arbitrary File Upload / Remote Code Execution                                                                         | exploits/linux/remote/40064.txt        
GNU wget - Cookie Injection                                                                                                             | exploits/linux/local/44601.txt         
WGet 1.x - Insecure File Creation Race Condition                                                                                        | exploits/linux/local/24123.sh          
feh 1.7 - '--wget-Timestamp' Remote Code Execution                                                                                      | exploits/linux/remote/34201.txt        
wget 1.10.2 - Unchecked Boundary Condition Denial of Service                                                                            | exploits/multiple/dos/2947.pl          
wget 1.9 - Directory Traversal                                                                                                          | exploits/multiple/remote/689.pl        
---------------------------------------------------------------------------------------------------------------------------------------- ----------------------------------------
---------------------------------------------------------------------------------------------------------------------------------------- ----------------------------------------
 Shellcode Title                                                                                                                        |  Path                                  
                                                                                                                                        | (/usr/share/exploitdb/)                
---------------------------------------------------------------------------------------------------------------------------------------- ----------------------------------------
Linux/x86 - Chmod + Execute (/usr/bin/wget http://192.168.1.93//x) + Hide Output Shellcode (129 bytes)                                  | shellcodes/linux_x86/47043.c           
Linux/x86 - execve wget + Mutated + Null-Free Shellcode (96 bytes)                                                                      | shellcodes/linux_x86/43739.c           
Linux/x86 - execve(/bin/sh -c) + wget (http://127.0.0.1:8080/evilfile) + chmod 777 + execute Shellcode (119 bytes)                      | shellcodes/linux_x86/46103.c           
Linux/x86 - execve(_/usr/bin/wget__ _aaaa_) Shellcode (42 bytes)                                                                        | shellcodes/linux_x86/13702.c           
Linux/x86_64 - Wget Linux Enumeration Script Shellcode (155 Bytes)                                                                      | shellcodes/linux_x86-64/47151.c        
---------------------------------------------------------------------------------------------------------------------------------------- ----------------------------------------
┌─[root@parrot]─[~/hackthebox/kotarak]      
└──╼ #searchsploit -m exploits/linux/remote/40064.txt                                   
  Exploit: GNU Wget < 1.18 - Arbitrary File Upload / Remote Code Execution              
      URL: https://www.exploit-db.com/exploits/40064                                    
     Path: /usr/share/exploitdb/exploits/linux/remote/40064.txt                         
File Type: UTF-8 Unicode text, with CRLF line terminators                               

Copied to: /root/hackthebox/kotarak/40064.txt                                           


┌─[root@parrot]─[~/hackthebox/kotarak]      
└──╼ #ls                                    
40064.txt  arrow.war  cracked_hash  creds  getting_password_port_888.png  nmap  ntds.dit  SYSTEM  ubuntu_hashes                                                                  
┌─[root@parrot]─[~/hackthebox/kotarak]      
└──╼ #vi 40064.txt                          
┌─[root@parrot]─[~/hackthebox/kotarak]      
└──╼ #pluma 40064.txt                       
^C                                          
┌─[✗]─[root@parrot]─[~/hackthebox/kotarak]  
└──╼ #vi exploit.py                         
┌─[root@parrot]─[~/hackthebox/kotarak]      
└──╼ #pluma 40064.txt                       
┌─[root@parrot]─[~/hackthebox/kotarak]      
└──╼ #                                      
