┌─[root@parrot]─[~/hackthebox/kotarak]                              
└──╼ #mkdir nmap                         
┌─[root@parrot]─[~/hackthebox/kotarak]   
└──╼ #nmap -sC -sV -oA nmap/kotarak 10.10.10.55                                   
Starting Nmap 7.80 ( https://nmap.org ) at 2020-01-10 16:56 EST                   
Nmap scan report for 10.10.10.55         
Host is up (1.3s latency).               
Not shown: 997 closed ports              
PORT     STATE SERVICE VERSION           
22/tcp   open  ssh     OpenSSH 7.2p2 Ubuntu 4ubuntu2.2 (Ubuntu Linux; protocol 2.0)                                                                                 
| ssh-hostkey:                           
|   2048 e2:d7:ca:0e:b7:cb:0a:51:f7:2e:75:ea:02:24:17:74 (RSA)                    
|   256 e8:f1:c0:d3:7d:9b:43:73:ad:37:3b:cb:e1:64:8e:e9 (ECDSA)                   
|_  256 6d:e9:26:ad:86:02:2d:68:e1:eb:ad:66:a0:60:17:b8 (ED25519)                 
8009/tcp open  ajp13   Apache Jserv (Protocol v1.3)                               
| ajp-methods:                           
|   Supported methods: GET HEAD POST PUT DELETE OPTIONS                           
|   Potentially risky methods: PUT DELETE                                         
|_  See https://nmap.org/nsedoc/scripts/ajp-methods.html                          
8080/tcp open  http    Apache Tomcat 8.5.5                                        
|_http-favicon: Apache Tomcat            
| http-methods:                          
|_  Potentially risky methods: PUT DELETE                                         
|_http-title: Apache Tomcat/8.5.5 - Error report                                  
Service Info: OS: Linux; CPE: cpe:/o:linux:linux_kernel                           

Service detection performed. Please report any incorrect results at https://nmap.org/submit/ .                                                                      
Nmap done: 1 IP address (1 host up) scanned in 20.62 seconds                      
┌─[root@parrot]─[~/hackthebox/kotarak]   
└──╼ #nmap -sC -p- nmap/fullport 10.10.10.5                                       
Starting Nmap 7.80 ( https://nmap.org ) at 2020-01-10 17:17 EST                   

┌─[✗]─[root@parrot]─[~/hackthebox/kotarak]                                        
└──╼ #nmap -sC -p- nmap/fullport 10.10.10.55                                      
Starting Nmap 7.80 ( https://nmap.org ) at 2020-01-10 17:17 EST                   
Unable to split netmask from target expression: "nmap/fullport"                   
Stats: 0:00:16 elapsed; 0 hosts completed (1 up), 1 undergoing SYN Stealth Scan   
SYN Stealth Scan Timing: About 0.34% done                                         

┌─[✗]─[root@parrot]─[~/hackthebox/kotarak]                                        
└──╼ #nmap -sC -p- -oA nmap/fullport 10.10.10.55                                                                                                                    
Starting Nmap 7.80 ( https://nmap.org ) at 2020-01-10 17:17 EST                   

┌─[✗]─[root@parrot]─[~/hackthebox/kotarak]  
└──╼ #                                      
