Job
Portal
site
WordPress
content
wrap
world
Hello
Comments
comment
entry
Feed
header
branding
navigation
April
post
Commenter
the
Jobs
Search
Recent
RSS
Really
Simple
Syndication
Just
another
your
page
Listing
meta
Reply
Skip
text
custom
Menu
top
masthead
main
primary
Uncategorized
Proudly
powered
info
colophon
contain
RSD
Posts
Log
org
Powered
comments
Welcome
This
first
Edit
delete
then
start
writing
for
Posted
Archives
Categories
Meta
Entries
secondary
state
art
semantic
personal
publishing
platform
http
Pen
Tester
takis
Email
with
and
email
this
get
started
moderating
editing
deleting
please
visit
screen
dashboard
avatars
come
from
Gravatar
address
will
marked
Comment
Name
Title
Date
One
says
author
metadata
body
Leave
Cancel
reply
Your
not
published
Required
fields
are
Website
respond
Address
Wed
Apr
index
php
hello
Latest
degree
Salary
Start
End
Location
Greece
Information
pentester
Apply
Now
Category
Username
Password
Lost
password
Back
hourly
https
wordpress
Application
Details
you
have
Scroll
down
Month
Remember
feed
Fields
asterisk
must
filled
out
before
submitting
Personal
Surname
Contact
City
Post
code
Country
Telephone
Cell
phone
Qualifications
Yes
Where
did
complete
Upload
read
understood
privacy
policy
Author
Please
enter
username
You
receive
link
create
new
via
