┌─[root@parrot]─[~/hackthebox/sense] 
└──╼ #ls                             
┌─[root@parrot]─[~/hackthebox/sense] 
└──╼ #mkdir nmap                     
┌─[root@parrot]─[~/hackthebox/sense] 
└──╼ #nmap -sC -sV -oA nmap/sense 10.10.10.60                              
Starting Nmap 7.80 ( https://nmap.org ) at 2020-01-02 05:53 EST            
Nmap scan report for 10.10.10.60     
Host is up (0.26s latency).          
Not shown: 998 filtered ports        
PORT    STATE SERVICE    VERSION     
80/tcp  open  http       lighttpd 1.4.35                                   
|_http-server-header: lighttpd/1.4.35                                      
|_http-title: Did not follow redirect to https://10.10.10.60/              
|_https-redirect: ERROR: Script execution failed (use -d to debug)         
443/tcp open  ssl/https?             
|_ssl-date: TLS randomness does not represent time                         

Service detection performed. Please report any incorrect results at https://nmap.org/submit/ .                                                         
Nmap done: 1 IP address (1 host up) scanned in 132.10 seconds              
┌─[root@parrot]─[~/hackthebox/sense] 
└──╼ #ping 10.10.10.60               
PING 10.10.10.60 (10.10.10.60) 56(84) bytes of data.                       
64 bytes from 10.10.10.60: icmp_seq=1 ttl=63 time=314 ms                   
64 bytes from 10.10.10.60: icmp_seq=2 ttl=63 time=221 ms                   
^C                                   
--- 10.10.10.60 ping statistics ---  
2 packets transmitted, 2 received, 0% packet loss, time 1001ms             
rtt min/avg/max/mdev = 220.954/267.369/313.785/46.415 ms                   
┌─[root@parrot]─[~/hackthebox/sense] 
└──╼ #gobuster dir -u 10.10.10.60 -w /usr/share/wordlists/dirb                                                                                         
dirb/      dirbuster/                
┌─[root@parrot]─[~/hackthebox/sense] 
└──╼ #gobuster dir -u 10.10.10.60 -w /usr/share/wordlists/dirbuster/directory-list-2.3-medium.txt                                                      
===============================================================            
Gobuster v3.0.1                      
by OJ Reeves (@TheColonial) & Christian Mehlmauer (@_FireFart_)            
===============================================================            
[+] Url:            http://10.10.10.60                                     
[+] Threads:        10               
[+] Wordlist:       /usr/share/wordlists/dirbuster/directory-list-2.3-medium.txt                                                                       
[+] Status codes:   200,204,301,302,307,401,403                            
[+] User Agent:     gobuster/3.0.1   
[+] Timeout:        10s              
===============================================================            
2020/01/02 07:16:47 Starting gobuster                                      
===============================================================            
Error: the server returns a status code that matches the provided options for non existing urls. http://10.10.10.60/f9f23c92-ac63-4377-93cd-4264e57c2e67 => 301. To force processing of Wildcard responses, specify the '--wildcard' switch
┌─[✗]─[root@parrot]─[~/hackthebox/sense]                                   
└──╼ #gobuster dir -u https://10.10.10.60 -w /usr/share/wordlists/dirbuster/directory-list-2.3-medium.txt -k -x php,txt                                
===============================================================            
Gobuster v3.0.1                      
by OJ Reeves (@TheColonial) & Christian Mehlmauer (@_FireFart_)            
===============================================================            
[+] Url:            https://10.10.10.60                                    
[+] Threads:        10               
[+] Wordlist:       /usr/share/wordlists/dirbuster/directory-list-2.3-medium.txt                                                                       
[+] Status codes:   200,204,301,302,307,401,403                            
[+] User Agent:     gobuster/3.0.1   
[+] Extensions:     php,txt          
[+] Timeout:        10s              
===============================================================            
2020/01/02 07:17:55 Starting gobuster                                      
===============================================================            
/index.php (Status: 200)             
/help.php (Status: 200)              
/themes (Status: 301)                
/stats.php (Status: 200)             
/css (Status: 301)                   
/edit.php (Status: 200)              
/includes (Status: 301)              
/license.php (Status: 200)           
/system.php (Status: 200)            
/status.php (Status: 200)            
/javascript (Status: 301)            
/changelog.txt (Status: 200)         
/classes (Status: 301)               
/exec.php (Status: 200)              
/widgets (Status: 301)               
/graph.php (Status: 200)             
/tree (Status: 301)                  
/wizard.php (Status: 200)            
/shortcuts (Status: 301)             
/pkg.php (Status: 200)               
Progress: 6635 / 220561 (3.01%)^C    
[!] Keyboard interrupt detected, terminating.                              
===============================================================            
2020/01/02 07:26:20 Finished         
===============================================================            
┌─[root@parrot]─[~/hackthebox/sense] 
└──╼ #                                   
