/index.php (Status: 200)
/help.php (Status: 200)
/themes (Status: 301)
/stats.php (Status: 200)
/css (Status: 301)
/edit.php (Status: 200)
/includes (Status: 301)
/license.php (Status: 200)
/system.php (Status: 200)
/status.php (Status: 200)
/javascript (Status: 301)
/changelog.txt (Status: 200)
/classes (Status: 301)
/exec.php (Status: 200)
/widgets (Status: 301)
/graph.php (Status: 200)
/tree (Status: 301)
/wizard.php (Status: 200)
/shortcuts (Status: 301)
/pkg.php

changelog.txt
system-users.txt
