┌─[root@parrot]─[~/hackthebox/brainfuck] 
└──╼ #cd /opt/wordlists/                 
┌─[root@parrot]─[/opt/wordlists]         
└──╼ #ls                                 
rockyou.txt                              
┌─[root@parrot]─[/opt/wordlists]         
└──╼ #cd -                               
/root/hackthebox/brainfuck               
┌─[root@parrot]─[~/hackthebox/brainfuck] 
└──╼ #vi creds                           
┌─[root@parrot]─[~/hackthebox/brainfuck] 
└──╼ #cat creds                          
# Got from after logging into wp webpage 
SMTP Credential                          
username: orestis                        
password : kHGuERB29DNiNE                


# Got from email client(Evolution)       

Secret web page credential               
username : orestis                       
password :  kIEnnfEKJ#9UmdO              

link for rsa_key                         
https://10.10.10.17/8ba5aa10e915218697d1c658cdee0bb8/orestis/id_rsa               

ssh-cred                                 
password : 3poulakia!                    
┌─[root@parrot]─[~/hackthebox/brainfuck] 
└──╼ #chmod 600 id_rsa                   
┌─[root@parrot]─[~/hackthebox/brainfuck] 
└──╼ #ssh -i id_rsa orestis@10.10.10.17  
The authenticity of host '10.10.10.17 (10.10.10.17)' can't be established.        
ECDSA key fingerprint is SHA256:S+b+YyJ/+y9IOr9GVEuonPnvVx4z7xUveQhJknzvBjg.      
Are you sure you want to continue connecting (yes/no/[fingerprint])? yes          
Warning: Permanently added '10.10.10.17' (ECDSA) to the list of known hosts.      
Enter passphrase for key 'id_rsa':       
Enter passphrase for key 'id_rsa':       
Enter passphrase for key 'id_rsa':       
Welcome to Ubuntu 16.04.2 LTS (GNU/Linux 4.4.0-75-generic x86_64)                 

 * Documentation:  https://help.ubuntu.com                                        
 * Management:     https://landscape.canonical.com                                
 * Support:        https://ubuntu.com/advantage                                   

0 packages can be updated.               
0 updates are security updates.          


You have mail.                           
Last login: Wed May  3 19:46:00 2017 from 10.10.11.4                              
orestis@brainfuck:~$ ls                  
debug.txt  encrypt.sage  mail  output.txt  user.txt                               
orestis@brainfuck:~$ cat user.txt        
2c11cfbc5b959f73ac15a3310bd097c9         
orestis@brainfuck:~$ cat debug.txt       
7493025776465062819629921475535241674460826792785520881387158343265274170009282504884941039852933109163193651830303308312565580445669284847225535166520307          
7020854527787566735458858381555452648322845008266612906844847937070333480373963284146649074252278753696897245898433245929775591091774274652021374143174079          
30802007917952508422792869021689193927485016332713622527025219105154254472344627284947779726280995431947454292782426313255523137610532323813714483639434257536830062768286377920010841850346837238015571464755074669373110411870331706974573498912126641409821855678581804467608824177508976254759319210955977053997
orestis@brainfuck:~$ less encrypt.sage   
orestis@brainfuck:~$ cat output.txt      
Encrypted Password: 44641914821074071930297814589851746700593470770417111804648920018396305246956127337150936081144106405284134845851392541080862652386840869768622438038690803472550278042463029816028777378141217023336710545449512973950591755053735796799773369044083673911035030605581144977552865771395578778515514288930832915182
orestis@brainfuck:~$                     
